#
# There is insufficient memory for the Java Runtime Environment to continue.
# Native memory allocation (mmap) failed to map 65536 bytes for Failed to commit metaspace.
# Possible reasons:
#   The system is out of physical RAM or swap space
#   The process is running with CompressedOops enabled, and the Java Heap may be blocking the growth of the native heap
# Possible solutions:
#   Reduce memory load on the system
#   Increase physical memory or swap space
#   Check if swap backing store is full
#   Decrease Java heap size (-Xmx/-Xms)
#   Decrease number of Java threads
#   Decrease Java thread stack sizes (-Xss)
#   Set larger code cache with -XX:ReservedCodeCacheSize=
#   JVM is running with Zero Based Compressed Oops mode in which the Java heap is
#     placed in the first 32GB address space. The Java Heap base address is the
#     maximum limit for the native heap growth. Please use -XX:HeapBaseMinAddress
#     to set the Java Heap base and to place the Java Heap above 32GB virtual address.
# This output file may be truncated or incomplete.
#
#  Out of Memory Error (virtualSpaceNode.cpp:110), pid=24988, tid=15252
#
# JRE version: Java(TM) SE Runtime Environment (17.0.6+9) (build 17.0.6+9-LTS-190)
# Java VM: Java HotSpot(TM) 64-Bit Server VM (17.0.6+9-LTS-190, mixed mode, tiered, compressed oops, compressed class ptrs, g1 gc, windows-amd64)
# No core dump will be written. Minidumps are not enabled by default on client versions of Windows
#

---------------  S U M M A R Y ------------

Command Line: -javaagent:C:\Program Files\JetBrains\IntelliJ IDEA Educational Edition 2022.2.2\lib\idea_rt.jar=1354:C:\Program Files\JetBrains\IntelliJ IDEA Educational Edition 2022.2.2\bin -Dfile.encoding=UTF-8 br.com.alura.challange.Adopet.AdopetApplication

Host: 11th Gen Intel(R) Core(TM) i7-1165G7 @ 2.80GHz, 8 cores, 15G,  Windows 10 , 64 bit Build 19041 (10.0.19041.2546)
Time: Mon Apr 24 23:53:21 2023 Hora oficial do Brasil elapsed time: 0.076453 seconds (0d 0h 0m 0s)

---------------  T H R E A D  ---------------

Current thread (0x00000226fddf4480):  JavaThread "main" [_thread_in_vm, id=15252, stack(0x000000711fc00000,0x000000711fd00000)]

Stack: [0x000000711fc00000,0x000000711fd00000]
Native frames: (J=compiled Java code, j=interpreted, Vv=VM code, C=native code)
V  [jvm.dll+0x6734ea]
V  [jvm.dll+0x7d18f4]
V  [jvm.dll+0x7d309e]
V  [jvm.dll+0x7d3703]
V  [jvm.dll+0x2433c5]
V  [jvm.dll+0x7cd9fb]
V  [jvm.dll+0x619546]
V  [jvm.dll+0x6195aa]
V  [jvm.dll+0x61bdcd]
V  [jvm.dll+0x619f06]
V  [jvm.dll+0x238f21]
V  [jvm.dll+0x1e8437]
V  [jvm.dll+0x1de0d1]
V  [jvm.dll+0x5399dc]
V  [jvm.dll+0x1ee9ea]
V  [jvm.dll+0x74ba4d]
V  [jvm.dll+0x74ce33]
V  [jvm.dll+0x74d168]
V  [jvm.dll+0x23b88b]
V  [jvm.dll+0x23badf]
V  [jvm.dll+0x5579e3]
V  [jvm.dll+0x559e84]
V  [jvm.dll+0x37dc81]
V  [jvm.dll+0x37d722]
C  0x000002268ecf8aa8

Java frames: (J=compiled Java code, j=interpreted, Vv=VM code)
j  java.io.File.isInvalid()Z+25 java.base
j  java.io.File.getCanonicalPath()Ljava/lang/String;+1 java.base
j  java.io.File.getCanonicalFile()Ljava/io/File;+1 java.base
j  jdk.internal.loader.URLClassPath.toFileURL(Ljava/lang/String;)Ljava/net/URL;+8 java.base
j  jdk.internal.loader.URLClassPath.<init>(Ljava/lang/String;Z)V+96 java.base
j  jdk.internal.loader.ClassLoaders.<clinit>()V+144 java.base
v  ~StubRoutines::call_stub
j  jdk.internal.loader.BootLoader.loadModule(Ljava/lang/module/ModuleReference;)V+0 java.base
j  jdk.internal.module.ModuleBootstrap.boot2()Ljava/lang/ModuleLayer;+352 java.base
j  jdk.internal.module.ModuleBootstrap.boot()Ljava/lang/ModuleLayer;+64 java.base
j  java.lang.System.initPhase2(ZZ)I+0 java.base
v  ~StubRoutines::call_stub

---------------  P R O C E S S  ---------------

Threads class SMR info:
_java_thread_list=0x00000226a146c6a0, length=10, elements={
0x00000226fddf4480, 0x00000226a1461620, 0x00000226a14622a0, 0x00000226a148eb20,
0x00000226a098e500, 0x00000226a098eac0, 0x00000226a148e110, 0x00000226a148f800,
0x00000226a1480c60, 0x00000226a1484d30
}

Java Threads: ( => current thread )
=>0x00000226fddf4480 JavaThread "main" [_thread_in_vm, id=15252, stack(0x000000711fc00000,0x000000711fd00000)]
  0x00000226a1461620 JavaThread "Reference Handler" daemon [_thread_blocked, id=23760, stack(0x0000007120300000,0x0000007120400000)]
  0x00000226a14622a0 JavaThread "Finalizer" daemon [_thread_blocked, id=6148, stack(0x0000007120400000,0x0000007120500000)]
  0x00000226a148eb20 JavaThread "Signal Dispatcher" daemon [_thread_blocked, id=3968, stack(0x0000007120500000,0x0000007120600000)]
  0x00000226a098e500 JavaThread "Attach Listener" daemon [_thread_blocked, id=3884, stack(0x0000007120600000,0x0000007120700000)]
  0x00000226a098eac0 JavaThread "Service Thread" daemon [_thread_blocked, id=10456, stack(0x0000007120700000,0x0000007120800000)]
  0x00000226a148e110 JavaThread "Monitor Deflation Thread" daemon [_thread_blocked, id=7580, stack(0x0000007120800000,0x0000007120900000)]
  0x00000226a148f800 JavaThread "C2 CompilerThread0" daemon [_thread_blocked, id=10804, stack(0x0000007120900000,0x0000007120a00000)]
  0x00000226a1480c60 JavaThread "C1 CompilerThread0" daemon [_thread_in_vm, id=26084, stack(0x0000007120a00000,0x0000007120b00000)]
  0x00000226a1484d30 JavaThread "Sweeper thread" daemon [_thread_blocked, id=19880, stack(0x0000007120b00000,0x0000007120c00000)]

Other Threads:
  0x00000226a143a0d0 VMThread "VM Thread" [stack: 0x0000007120200000,0x0000007120300000] [id=6040]
  0x00000226fde5bbf0 GCTaskThread "GC Thread#0" [stack: 0x000000711fd00000,0x000000711fe00000] [id=10424]
  0x00000226fde6e770 ConcurrentGCThread "G1 Main Marker" [stack: 0x000000711fe00000,0x000000711ff00000] [id=19704]
  0x00000226fde70930 ConcurrentGCThread "G1 Conc#0" [stack: 0x000000711ff00000,0x0000007120000000] [id=7900]
  0x00000226fdebeaf0 ConcurrentGCThread "G1 Refine#0" [stack: 0x0000007120000000,0x0000007120100000] [id=3868]
  0x00000226a081c670 ConcurrentGCThread "G1 Service" [stack: 0x0000007120100000,0x0000007120200000] [id=9596]

Threads with active compile tasks:
C1 CompilerThread0       98   24       3       java.lang.String::charAt (25 bytes)

VM state: not at safepoint (normal execution)

VM Mutex/Monitor currently owned by a thread:  ([mutex/lock_event])
[0x00000226fdde24c0] Metaspace_lock - owner thread: 0x00000226fddf4480
[0x00000226fddef930] MethodData_lock - owner thread: 0x00000226a1480c60

Heap address: 0x0000000704a00000, size: 4022 MB, Compressed Oops mode: Zero based, Oop shift amount: 3

CDS archive(s) not mapped
Compressed class space mapped at: 0x0000000800000000-0x0000000840000000, reserved size: 1073741824
Narrow klass base: 0x0000000800000000, Narrow klass shift: 0, Narrow klass range: 0x40000000

GC Precious Log:
 CPUs: 8 total, 8 available
 Memory: 16082M
 Large Page Support: Disabled
 NUMA Support: Disabled
 Compressed Oops: Enabled (Zero based)
 Heap Region Size: 2M
 Heap Min Capacity: 8M
 Heap Initial Capacity: 252M
 Heap Max Capacity: 4022M
 Pre-touch: Disabled
 Parallel Workers: 8
 Concurrent Workers: 2
 Concurrent Refinement Workers: 8
 Periodic GC: Disabled

Heap:
 garbage-first heap   total 258048K, used 0K [0x0000000704a00000, 0x0000000800000000)
  region size 2048K, 1 young (2048K), 0 survivors (0K)
 Metaspace       used 3118K, committed 3136K, reserved 1056768K
  class space    used 238K, committed 256K, reserved 1048576K

Heap Regions: E=young(eden), S=young(survivor), O=old, HS=humongous(starts), HC=humongous(continues), CS=collection set, F=free, OA=open archive, CA=closed archive, TAMS=top-at-mark-start (previous, next)
|   0|0x0000000704a00000, 0x0000000704a00000, 0x0000000704c00000|  0%| F|  |TAMS 0x0000000704a00000, 0x0000000704a00000| Untracked 
|   1|0x0000000704c00000, 0x0000000704c00000, 0x0000000704e00000|  0%| F|  |TAMS 0x0000000704c00000, 0x0000000704c00000| Untracked 
|   2|0x0000000704e00000, 0x0000000704e00000, 0x0000000705000000|  0%| F|  |TAMS 0x0000000704e00000, 0x0000000704e00000| Untracked 
|   3|0x0000000705000000, 0x0000000705000000, 0x0000000705200000|  0%| F|  |TAMS 0x0000000705000000, 0x0000000705000000| Untracked 
|   4|0x0000000705200000, 0x0000000705200000, 0x0000000705400000|  0%| F|  |TAMS 0x0000000705200000, 0x0000000705200000| Untracked 
|   5|0x0000000705400000, 0x0000000705400000, 0x0000000705600000|  0%| F|  |TAMS 0x0000000705400000, 0x0000000705400000| Untracked 
|   6|0x0000000705600000, 0x0000000705600000, 0x0000000705800000|  0%| F|  |TAMS 0x0000000705600000, 0x0000000705600000| Untracked 
|   7|0x0000000705800000, 0x0000000705800000, 0x0000000705a00000|  0%| F|  |TAMS 0x0000000705800000, 0x0000000705800000| Untracked 
|   8|0x0000000705a00000, 0x0000000705a00000, 0x0000000705c00000|  0%| F|  |TAMS 0x0000000705a00000, 0x0000000705a00000| Untracked 
|   9|0x0000000705c00000, 0x0000000705c00000, 0x0000000705e00000|  0%| F|  |TAMS 0x0000000705c00000, 0x0000000705c00000| Untracked 
|  10|0x0000000705e00000, 0x0000000705e00000, 0x0000000706000000|  0%| F|  |TAMS 0x0000000705e00000, 0x0000000705e00000| Untracked 
|  11|0x0000000706000000, 0x0000000706000000, 0x0000000706200000|  0%| F|  |TAMS 0x0000000706000000, 0x0000000706000000| Untracked 
|  12|0x0000000706200000, 0x0000000706200000, 0x0000000706400000|  0%| F|  |TAMS 0x0000000706200000, 0x0000000706200000| Untracked 
|  13|0x0000000706400000, 0x0000000706400000, 0x0000000706600000|  0%| F|  |TAMS 0x0000000706400000, 0x0000000706400000| Untracked 
|  14|0x0000000706600000, 0x0000000706600000, 0x0000000706800000|  0%| F|  |TAMS 0x0000000706600000, 0x0000000706600000| Untracked 
|  15|0x0000000706800000, 0x0000000706800000, 0x0000000706a00000|  0%| F|  |TAMS 0x0000000706800000, 0x0000000706800000| Untracked 
|  16|0x0000000706a00000, 0x0000000706a00000, 0x0000000706c00000|  0%| F|  |TAMS 0x0000000706a00000, 0x0000000706a00000| Untracked 
|  17|0x0000000706c00000, 0x0000000706c00000, 0x0000000706e00000|  0%| F|  |TAMS 0x0000000706c00000, 0x0000000706c00000| Untracked 
|  18|0x0000000706e00000, 0x0000000706e00000, 0x0000000707000000|  0%| F|  |TAMS 0x0000000706e00000, 0x0000000706e00000| Untracked 
|  19|0x0000000707000000, 0x0000000707000000, 0x0000000707200000|  0%| F|  |TAMS 0x0000000707000000, 0x0000000707000000| Untracked 
|  20|0x0000000707200000, 0x0000000707200000, 0x0000000707400000|  0%| F|  |TAMS 0x0000000707200000, 0x0000000707200000| Untracked 
|  21|0x0000000707400000, 0x0000000707400000, 0x0000000707600000|  0%| F|  |TAMS 0x0000000707400000, 0x0000000707400000| Untracked 
|  22|0x0000000707600000, 0x0000000707600000, 0x0000000707800000|  0%| F|  |TAMS 0x0000000707600000, 0x0000000707600000| Untracked 
|  23|0x0000000707800000, 0x0000000707800000, 0x0000000707a00000|  0%| F|  |TAMS 0x0000000707800000, 0x0000000707800000| Untracked 
|  24|0x0000000707a00000, 0x0000000707a00000, 0x0000000707c00000|  0%| F|  |TAMS 0x0000000707a00000, 0x0000000707a00000| Untracked 
|  25|0x0000000707c00000, 0x0000000707c00000, 0x0000000707e00000|  0%| F|  |TAMS 0x0000000707c00000, 0x0000000707c00000| Untracked 
|  26|0x0000000707e00000, 0x0000000707e00000, 0x0000000708000000|  0%| F|  |TAMS 0x0000000707e00000, 0x0000000707e00000| Untracked 
|  27|0x0000000708000000, 0x0000000708000000, 0x0000000708200000|  0%| F|  |TAMS 0x0000000708000000, 0x0000000708000000| Untracked 
|  28|0x0000000708200000, 0x0000000708200000, 0x0000000708400000|  0%| F|  |TAMS 0x0000000708200000, 0x0000000708200000| Untracked 
|  29|0x0000000708400000, 0x0000000708400000, 0x0000000708600000|  0%| F|  |TAMS 0x0000000708400000, 0x0000000708400000| Untracked 
|  30|0x0000000708600000, 0x0000000708600000, 0x0000000708800000|  0%| F|  |TAMS 0x0000000708600000, 0x0000000708600000| Untracked 
|  31|0x0000000708800000, 0x0000000708800000, 0x0000000708a00000|  0%| F|  |TAMS 0x0000000708800000, 0x0000000708800000| Untracked 
|  32|0x0000000708a00000, 0x0000000708a00000, 0x0000000708c00000|  0%| F|  |TAMS 0x0000000708a00000, 0x0000000708a00000| Untracked 
|  33|0x0000000708c00000, 0x0000000708c00000, 0x0000000708e00000|  0%| F|  |TAMS 0x0000000708c00000, 0x0000000708c00000| Untracked 
|  34|0x0000000708e00000, 0x0000000708e00000, 0x0000000709000000|  0%| F|  |TAMS 0x0000000708e00000, 0x0000000708e00000| Untracked 
|  35|0x0000000709000000, 0x0000000709000000, 0x0000000709200000|  0%| F|  |TAMS 0x0000000709000000, 0x0000000709000000| Untracked 
|  36|0x0000000709200000, 0x0000000709200000, 0x0000000709400000|  0%| F|  |TAMS 0x0000000709200000, 0x0000000709200000| Untracked 
|  37|0x0000000709400000, 0x0000000709400000, 0x0000000709600000|  0%| F|  |TAMS 0x0000000709400000, 0x0000000709400000| Untracked 
|  38|0x0000000709600000, 0x0000000709600000, 0x0000000709800000|  0%| F|  |TAMS 0x0000000709600000, 0x0000000709600000| Untracked 
|  39|0x0000000709800000, 0x0000000709800000, 0x0000000709a00000|  0%| F|  |TAMS 0x0000000709800000, 0x0000000709800000| Untracked 
|  40|0x0000000709a00000, 0x0000000709a00000, 0x0000000709c00000|  0%| F|  |TAMS 0x0000000709a00000, 0x0000000709a00000| Untracked 
|  41|0x0000000709c00000, 0x0000000709c00000, 0x0000000709e00000|  0%| F|  |TAMS 0x0000000709c00000, 0x0000000709c00000| Untracked 
|  42|0x0000000709e00000, 0x0000000709e00000, 0x000000070a000000|  0%| F|  |TAMS 0x0000000709e00000, 0x0000000709e00000| Untracked 
|  43|0x000000070a000000, 0x000000070a000000, 0x000000070a200000|  0%| F|  |TAMS 0x000000070a000000, 0x000000070a000000| Untracked 
|  44|0x000000070a200000, 0x000000070a200000, 0x000000070a400000|  0%| F|  |TAMS 0x000000070a200000, 0x000000070a200000| Untracked 
|  45|0x000000070a400000, 0x000000070a400000, 0x000000070a600000|  0%| F|  |TAMS 0x000000070a400000, 0x000000070a400000| Untracked 
|  46|0x000000070a600000, 0x000000070a600000, 0x000000070a800000|  0%| F|  |TAMS 0x000000070a600000, 0x000000070a600000| Untracked 
|  47|0x000000070a800000, 0x000000070a800000, 0x000000070aa00000|  0%| F|  |TAMS 0x000000070a800000, 0x000000070a800000| Untracked 
|  48|0x000000070aa00000, 0x000000070aa00000, 0x000000070ac00000|  0%| F|  |TAMS 0x000000070aa00000, 0x000000070aa00000| Untracked 
|  49|0x000000070ac00000, 0x000000070ac00000, 0x000000070ae00000|  0%| F|  |TAMS 0x000000070ac00000, 0x000000070ac00000| Untracked 
|  50|0x000000070ae00000, 0x000000070ae00000, 0x000000070b000000|  0%| F|  |TAMS 0x000000070ae00000, 0x000000070ae00000| Untracked 
|  51|0x000000070b000000, 0x000000070b000000, 0x000000070b200000|  0%| F|  |TAMS 0x000000070b000000, 0x000000070b000000| Untracked 
|  52|0x000000070b200000, 0x000000070b200000, 0x000000070b400000|  0%| F|  |TAMS 0x000000070b200000, 0x000000070b200000| Untracked 
|  53|0x000000070b400000, 0x000000070b400000, 0x000000070b600000|  0%| F|  |TAMS 0x000000070b400000, 0x000000070b400000| Untracked 
|  54|0x000000070b600000, 0x000000070b600000, 0x000000070b800000|  0%| F|  |TAMS 0x000000070b600000, 0x000000070b600000| Untracked 
|  55|0x000000070b800000, 0x000000070b800000, 0x000000070ba00000|  0%| F|  |TAMS 0x000000070b800000, 0x000000070b800000| Untracked 
|  56|0x000000070ba00000, 0x000000070ba00000, 0x000000070bc00000|  0%| F|  |TAMS 0x000000070ba00000, 0x000000070ba00000| Untracked 
|  57|0x000000070bc00000, 0x000000070bc00000, 0x000000070be00000|  0%| F|  |TAMS 0x000000070bc00000, 0x000000070bc00000| Untracked 
|  58|0x000000070be00000, 0x000000070be00000, 0x000000070c000000|  0%| F|  |TAMS 0x000000070be00000, 0x000000070be00000| Untracked 
|  59|0x000000070c000000, 0x000000070c000000, 0x000000070c200000|  0%| F|  |TAMS 0x000000070c000000, 0x000000070c000000| Untracked 
|  60|0x000000070c200000, 0x000000070c200000, 0x000000070c400000|  0%| F|  |TAMS 0x000000070c200000, 0x000000070c200000| Untracked 
|  61|0x000000070c400000, 0x000000070c400000, 0x000000070c600000|  0%| F|  |TAMS 0x000000070c400000, 0x000000070c400000| Untracked 
|  62|0x000000070c600000, 0x000000070c600000, 0x000000070c800000|  0%| F|  |TAMS 0x000000070c600000, 0x000000070c600000| Untracked 
|  63|0x000000070c800000, 0x000000070c800000, 0x000000070ca00000|  0%| F|  |TAMS 0x000000070c800000, 0x000000070c800000| Untracked 
|  64|0x000000070ca00000, 0x000000070ca00000, 0x000000070cc00000|  0%| F|  |TAMS 0x000000070ca00000, 0x000000070ca00000| Untracked 
|  65|0x000000070cc00000, 0x000000070cc00000, 0x000000070ce00000|  0%| F|  |TAMS 0x000000070cc00000, 0x000000070cc00000| Untracked 
|  66|0x000000070ce00000, 0x000000070ce00000, 0x000000070d000000|  0%| F|  |TAMS 0x000000070ce00000, 0x000000070ce00000| Untracked 
|  67|0x000000070d000000, 0x000000070d000000, 0x000000070d200000|  0%| F|  |TAMS 0x000000070d000000, 0x000000070d000000| Untracked 
|  68|0x000000070d200000, 0x000000070d200000, 0x000000070d400000|  0%| F|  |TAMS 0x000000070d200000, 0x000000070d200000| Untracked 
|  69|0x000000070d400000, 0x000000070d400000, 0x000000070d600000|  0%| F|  |TAMS 0x000000070d400000, 0x000000070d400000| Untracked 
|  70|0x000000070d600000, 0x000000070d600000, 0x000000070d800000|  0%| F|  |TAMS 0x000000070d600000, 0x000000070d600000| Untracked 
|  71|0x000000070d800000, 0x000000070d800000, 0x000000070da00000|  0%| F|  |TAMS 0x000000070d800000, 0x000000070d800000| Untracked 
|  72|0x000000070da00000, 0x000000070da00000, 0x000000070dc00000|  0%| F|  |TAMS 0x000000070da00000, 0x000000070da00000| Untracked 
|  73|0x000000070dc00000, 0x000000070dc00000, 0x000000070de00000|  0%| F|  |TAMS 0x000000070dc00000, 0x000000070dc00000| Untracked 
|  74|0x000000070de00000, 0x000000070de00000, 0x000000070e000000|  0%| F|  |TAMS 0x000000070de00000, 0x000000070de00000| Untracked 
|  75|0x000000070e000000, 0x000000070e000000, 0x000000070e200000|  0%| F|  |TAMS 0x000000070e000000, 0x000000070e000000| Untracked 
|  76|0x000000070e200000, 0x000000070e200000, 0x000000070e400000|  0%| F|  |TAMS 0x000000070e200000, 0x000000070e200000| Untracked 
|  77|0x000000070e400000, 0x000000070e400000, 0x000000070e600000|  0%| F|  |TAMS 0x000000070e400000, 0x000000070e400000| Untracked 
|  78|0x000000070e600000, 0x000000070e600000, 0x000000070e800000|  0%| F|  |TAMS 0x000000070e600000, 0x000000070e600000| Untracked 
|  79|0x000000070e800000, 0x000000070e800000, 0x000000070ea00000|  0%| F|  |TAMS 0x000000070e800000, 0x000000070e800000| Untracked 
|  80|0x000000070ea00000, 0x000000070ea00000, 0x000000070ec00000|  0%| F|  |TAMS 0x000000070ea00000, 0x000000070ea00000| Untracked 
|  81|0x000000070ec00000, 0x000000070ec00000, 0x000000070ee00000|  0%| F|  |TAMS 0x000000070ec00000, 0x000000070ec00000| Untracked 
|  82|0x000000070ee00000, 0x000000070ee00000, 0x000000070f000000|  0%| F|  |TAMS 0x000000070ee00000, 0x000000070ee00000| Untracked 
|  83|0x000000070f000000, 0x000000070f000000, 0x000000070f200000|  0%| F|  |TAMS 0x000000070f000000, 0x000000070f000000| Untracked 
|  84|0x000000070f200000, 0x000000070f200000, 0x000000070f400000|  0%| F|  |TAMS 0x000000070f200000, 0x000000070f200000| Untracked 
|  85|0x000000070f400000, 0x000000070f400000, 0x000000070f600000|  0%| F|  |TAMS 0x000000070f400000, 0x000000070f400000| Untracked 
|  86|0x000000070f600000, 0x000000070f600000, 0x000000070f800000|  0%| F|  |TAMS 0x000000070f600000, 0x000000070f600000| Untracked 
|  87|0x000000070f800000, 0x000000070f800000, 0x000000070fa00000|  0%| F|  |TAMS 0x000000070f800000, 0x000000070f800000| Untracked 
|  88|0x000000070fa00000, 0x000000070fa00000, 0x000000070fc00000|  0%| F|  |TAMS 0x000000070fa00000, 0x000000070fa00000| Untracked 
|  89|0x000000070fc00000, 0x000000070fc00000, 0x000000070fe00000|  0%| F|  |TAMS 0x000000070fc00000, 0x000000070fc00000| Untracked 
|  90|0x000000070fe00000, 0x000000070fe00000, 0x0000000710000000|  0%| F|  |TAMS 0x000000070fe00000, 0x000000070fe00000| Untracked 
|  91|0x0000000710000000, 0x0000000710000000, 0x0000000710200000|  0%| F|  |TAMS 0x0000000710000000, 0x0000000710000000| Untracked 
|  92|0x0000000710200000, 0x0000000710200000, 0x0000000710400000|  0%| F|  |TAMS 0x0000000710200000, 0x0000000710200000| Untracked 
|  93|0x0000000710400000, 0x0000000710400000, 0x0000000710600000|  0%| F|  |TAMS 0x0000000710400000, 0x0000000710400000| Untracked 
|  94|0x0000000710600000, 0x0000000710600000, 0x0000000710800000|  0%| F|  |TAMS 0x0000000710600000, 0x0000000710600000| Untracked 
|  95|0x0000000710800000, 0x0000000710800000, 0x0000000710a00000|  0%| F|  |TAMS 0x0000000710800000, 0x0000000710800000| Untracked 
|  96|0x0000000710a00000, 0x0000000710a00000, 0x0000000710c00000|  0%| F|  |TAMS 0x0000000710a00000, 0x0000000710a00000| Untracked 
|  97|0x0000000710c00000, 0x0000000710c00000, 0x0000000710e00000|  0%| F|  |TAMS 0x0000000710c00000, 0x0000000710c00000| Untracked 
|  98|0x0000000710e00000, 0x0000000710e00000, 0x0000000711000000|  0%| F|  |TAMS 0x0000000710e00000, 0x0000000710e00000| Untracked 
|  99|0x0000000711000000, 0x0000000711000000, 0x0000000711200000|  0%| F|  |TAMS 0x0000000711000000, 0x0000000711000000| Untracked 
| 100|0x0000000711200000, 0x0000000711200000, 0x0000000711400000|  0%| F|  |TAMS 0x0000000711200000, 0x0000000711200000| Untracked 
| 101|0x0000000711400000, 0x0000000711400000, 0x0000000711600000|  0%| F|  |TAMS 0x0000000711400000, 0x0000000711400000| Untracked 
| 102|0x0000000711600000, 0x0000000711600000, 0x0000000711800000|  0%| F|  |TAMS 0x0000000711600000, 0x0000000711600000| Untracked 
| 103|0x0000000711800000, 0x0000000711800000, 0x0000000711a00000|  0%| F|  |TAMS 0x0000000711800000, 0x0000000711800000| Untracked 
| 104|0x0000000711a00000, 0x0000000711a00000, 0x0000000711c00000|  0%| F|  |TAMS 0x0000000711a00000, 0x0000000711a00000| Untracked 
| 105|0x0000000711c00000, 0x0000000711c00000, 0x0000000711e00000|  0%| F|  |TAMS 0x0000000711c00000, 0x0000000711c00000| Untracked 
| 106|0x0000000711e00000, 0x0000000711e00000, 0x0000000712000000|  0%| F|  |TAMS 0x0000000711e00000, 0x0000000711e00000| Untracked 
| 107|0x0000000712000000, 0x0000000712000000, 0x0000000712200000|  0%| F|  |TAMS 0x0000000712000000, 0x0000000712000000| Untracked 
| 108|0x0000000712200000, 0x0000000712200000, 0x0000000712400000|  0%| F|  |TAMS 0x0000000712200000, 0x0000000712200000| Untracked 
| 109|0x0000000712400000, 0x0000000712400000, 0x0000000712600000|  0%| F|  |TAMS 0x0000000712400000, 0x0000000712400000| Untracked 
| 110|0x0000000712600000, 0x0000000712600000, 0x0000000712800000|  0%| F|  |TAMS 0x0000000712600000, 0x0000000712600000| Untracked 
| 111|0x0000000712800000, 0x0000000712800000, 0x0000000712a00000|  0%| F|  |TAMS 0x0000000712800000, 0x0000000712800000| Untracked 
| 112|0x0000000712a00000, 0x0000000712a00000, 0x0000000712c00000|  0%| F|  |TAMS 0x0000000712a00000, 0x0000000712a00000| Untracked 
| 113|0x0000000712c00000, 0x0000000712c00000, 0x0000000712e00000|  0%| F|  |TAMS 0x0000000712c00000, 0x0000000712c00000| Untracked 
| 114|0x0000000712e00000, 0x0000000712e00000, 0x0000000713000000|  0%| F|  |TAMS 0x0000000712e00000, 0x0000000712e00000| Untracked 
| 115|0x0000000713000000, 0x0000000713000000, 0x0000000713200000|  0%| F|  |TAMS 0x0000000713000000, 0x0000000713000000| Untracked 
| 116|0x0000000713200000, 0x0000000713200000, 0x0000000713400000|  0%| F|  |TAMS 0x0000000713200000, 0x0000000713200000| Untracked 
| 117|0x0000000713400000, 0x0000000713400000, 0x0000000713600000|  0%| F|  |TAMS 0x0000000713400000, 0x0000000713400000| Untracked 
| 118|0x0000000713600000, 0x0000000713600000, 0x0000000713800000|  0%| F|  |TAMS 0x0000000713600000, 0x0000000713600000| Untracked 
| 119|0x0000000713800000, 0x0000000713800000, 0x0000000713a00000|  0%| F|  |TAMS 0x0000000713800000, 0x0000000713800000| Untracked 
| 120|0x0000000713a00000, 0x0000000713a00000, 0x0000000713c00000|  0%| F|  |TAMS 0x0000000713a00000, 0x0000000713a00000| Untracked 
| 121|0x0000000713c00000, 0x0000000713c00000, 0x0000000713e00000|  0%| F|  |TAMS 0x0000000713c00000, 0x0000000713c00000| Untracked 
| 122|0x0000000713e00000, 0x0000000713e00000, 0x0000000714000000|  0%| F|  |TAMS 0x0000000713e00000, 0x0000000713e00000| Untracked 
| 123|0x0000000714000000, 0x0000000714000000, 0x0000000714200000|  0%| F|  |TAMS 0x0000000714000000, 0x0000000714000000| Untracked 
| 124|0x0000000714200000, 0x0000000714200000, 0x0000000714400000|  0%| F|  |TAMS 0x0000000714200000, 0x0000000714200000| Untracked 
| 125|0x0000000714400000, 0x00000007144e15a8, 0x0000000714600000| 44%| E|  |TAMS 0x0000000714400000, 0x0000000714400000| Complete 

Card table byte_map: [0x00000226fe9d0000,0x00000226ff1b0000] _byte_map_base: 0x00000226fb1ab000

Marking Bits (Prev, Next): (CMBitMap*) 0x00000226fde5c200, (CMBitMap*) 0x00000226fde5c240
 Prev Bits: [0x00000226967b0000, 0x000002269a688000)
 Next Bits: [0x000002269a690000, 0x000002269e568000)

Polling page: 0x00000226fbd60000

Metaspace:

Usage:
  Non-class:      2.81 MB used.
      Class:    238.85 KB used.
       Both:      3.05 MB used.

Virtual space:
  Non-class space:        8.00 MB reserved,       2.81 MB ( 35%) committed,  1 nodes.
      Class space:        1.00 GB reserved,     256.00 KB ( <1%) committed,  1 nodes.
             Both:        1.01 GB reserved,       3.06 MB ( <1%) committed. 

Chunk freelists:
   Non-Class:  0 bytes
       Class:  3.75 MB
        Both:  3.75 MB

MaxMetaspaceSize: unlimited
CompressedClassSpaceSize: 1.00 GB
Initial GC threshold: 21.00 MB
Current GC threshold: 21.00 MB
CDS: off
MetaspaceReclaimPolicy: balanced
 - commit_granule_bytes: 65536.
 - commit_granule_words: 8192.
 - virtual_space_node_default_size: 1048576.
 - enlarge_chunks_in_place: 1.
 - new_chunks_are_fully_committed: 0.
 - uncommit_free_chunks: 1.
 - use_allocation_guard: 0.
 - handle_deallocations: 1.


Internal statistics:

num_allocs_failed_limit: 0.
num_arena_births: 2.
num_arena_deaths: 0.
num_vsnodes_births: 2.
num_vsnodes_deaths: 0.
num_space_committed: 49.
num_space_uncommitted: 0.
num_chunks_returned_to_freelist: 0.
num_chunks_taken_from_freelist: 3.
num_chunk_merges: 0.
num_chunk_splits: 1.
num_chunks_enlarged: 0.
num_purges: 0.
num_inconsistent_stats: 0.

CodeHeap 'non-profiled nmethods': size=120000Kb used=2Kb max_used=2Kb free=119997Kb
 bounds [0x000002268f280000, 0x000002268f4f0000, 0x00000226967b0000]
CodeHeap 'profiled nmethods': size=120000Kb used=26Kb max_used=26Kb free=119973Kb
 bounds [0x00000226877b0000, 0x0000022687a20000, 0x000002268ece0000]
CodeHeap 'non-nmethods': size=5760Kb used=1032Kb max_used=1045Kb free=4727Kb
 bounds [0x000002268ece0000, 0x000002268ef50000, 0x000002268f280000]
 total_blobs=294 nmethods=23 adapters=184
 compilation: enabled
              stopped_count=0, restarted_count=0
 full_count=0

Compilation events (20 events):
Event: 0.070 Thread 0x00000226a1480c60 nmethod 14 0x00000226877b4690 code [0x00000226877b4820, 0x00000226877b4978]
Event: 0.070 Thread 0x00000226a1480c60   15       3       java.util.ImmutableCollections$AbstractImmutableCollection::<init> (5 bytes)
Event: 0.070 Thread 0x00000226a1480c60 nmethod 15 0x00000226877b4a10 code [0x00000226877b4bc0, 0x00000226877b4d78]
Event: 0.070 Thread 0x00000226a1480c60   16       3       java.util.ImmutableCollections$AbstractImmutableSet::<init> (5 bytes)
Event: 0.070 Thread 0x00000226a1480c60 nmethod 16 0x00000226877b4e90 code [0x00000226877b5040, 0x00000226877b5278]
Event: 0.070 Thread 0x00000226a1480c60   17       3       java.util.Set::of (68 bytes)
Event: 0.071 Thread 0x00000226a148f800   18       4       java.lang.StringLatin1::hashCode (42 bytes)
Event: 0.071 Thread 0x00000226a1480c60 nmethod 17 0x00000226877b5390 code [0x00000226877b55c0, 0x00000226877b5e08]
Event: 0.072 Thread 0x00000226a1480c60   19       3       java.lang.String::coder (15 bytes)
Event: 0.073 Thread 0x00000226a1480c60 nmethod 19 0x00000226877b6090 code [0x00000226877b6220, 0x00000226877b6358]
Event: 0.073 Thread 0x00000226a1480c60   21       3       java.lang.String::length (11 bytes)
Event: 0.073 Thread 0x00000226a1480c60 nmethod 21 0x00000226877b6410 code [0x00000226877b65a0, 0x00000226877b6738]
Event: 0.073 Thread 0x00000226a1480c60   22       3       java.lang.String::isLatin1 (19 bytes)
Event: 0.073 Thread 0x00000226a1480c60 nmethod 22 0x00000226877b6810 code [0x00000226877b69a0, 0x00000226877b6b18]
Event: 0.073 Thread 0x00000226a1480c60   20       1       java.lang.module.ModuleDescriptor::name (5 bytes)
Event: 0.073 Thread 0x00000226a1480c60 nmethod 20 0x000002268f280010 code [0x000002268f2801a0, 0x000002268f280278]
Event: 0.073 Thread 0x00000226a1480c60   23       1       java.lang.module.ModuleReference::descriptor (5 bytes)
Event: 0.073 Thread 0x00000226a1480c60 nmethod 23 0x000002268f280310 code [0x000002268f2804a0, 0x000002268f280578]
Event: 0.073 Thread 0x00000226a148f800 nmethod 18 0x000002268f280610 code [0x000002268f280780, 0x000002268f2808f8]
Event: 0.075 Thread 0x00000226a1480c60   24       3       java.lang.String::charAt (25 bytes)

GC Heap History (0 events):
No events

Deoptimization events (0 events):
No events

Classes unloaded (0 events):
No events

Classes redefined (0 events):
No events

Internal exceptions (0 events):
No events

VM Operations (0 events):
No events

Events (20 events):
Event: 0.074 loading class java/util/WeakHashMap$KeySet done
Event: 0.074 loading class java/security/ProtectionDomain$JavaSecurityAccessImpl
Event: 0.074 loading class jdk/internal/access/JavaSecurityAccess
Event: 0.074 loading class jdk/internal/access/JavaSecurityAccess done
Event: 0.074 loading class java/security/ProtectionDomain$JavaSecurityAccessImpl done
Event: 0.074 loading class java/security/ProtectionDomain$Key
Event: 0.074 loading class java/security/ProtectionDomain$Key done
Event: 0.074 loading class java/security/Principal
Event: 0.075 loading class java/security/Principal done
Event: 0.075 loading class jdk/internal/loader/URLClassPath
Event: 0.075 loading class jdk/internal/loader/URLClassPath done
Event: 0.075 loading class java/net/URL$DefaultFactory
Event: 0.075 loading class java/net/URLStreamHandlerFactory
Event: 0.075 loading class java/net/URLStreamHandlerFactory done
Event: 0.075 loading class java/net/URL$DefaultFactory done
Event: 0.075 loading class java/net/URL$3
Event: 0.075 loading class jdk/internal/access/JavaNetURLAccess
Event: 0.075 loading class jdk/internal/access/JavaNetURLAccess done
Event: 0.075 loading class java/net/URL$3 done
Event: 0.075 loading class java/io/File$PathStatus


Dynamic libraries:
0x00007ff7d2860000 - 0x00007ff7d2870000 	C:\Program Files\Java\jdk-17\bin\java.exe
0x00007ff8a9130000 - 0x00007ff8a9328000 	C:\Windows\SYSTEM32\ntdll.dll
0x00007ff899ef0000 - 0x00007ff899f09000 	C:\Program Files\Avast Software\Avast\aswhook.dll
0x00007ff8a7d30000 - 0x00007ff8a7def000 	C:\Windows\System32\KERNEL32.DLL
0x00007ff8a6bd0000 - 0x00007ff8a6ea2000 	C:\Windows\System32\KERNELBASE.dll
0x00007ff8a69d0000 - 0x00007ff8a6ad0000 	C:\Windows\System32\ucrtbase.dll
0x00007ff88b210000 - 0x00007ff88b228000 	C:\Program Files\Java\jdk-17\bin\jli.dll
0x00007ff88ae80000 - 0x00007ff88ae9b000 	C:\Program Files\Java\jdk-17\bin\VCRUNTIME140.dll
0x00007ff8a9040000 - 0x00007ff8a90ee000 	C:\Windows\System32\ADVAPI32.dll
0x00007ff8a7180000 - 0x00007ff8a721e000 	C:\Windows\System32\msvcrt.dll
0x00007ff8a8c40000 - 0x00007ff8a8cdc000 	C:\Windows\System32\sechost.dll
0x00007ff8a72e0000 - 0x00007ff8a7404000 	C:\Windows\System32\RPCRT4.dll
0x00007ff8a8e00000 - 0x00007ff8a8fa1000 	C:\Windows\System32\USER32.dll
0x00007ff8a6f20000 - 0x00007ff8a6f42000 	C:\Windows\System32\win32u.dll
0x00007ff87c130000 - 0x00007ff87c3ca000 	C:\Windows\WinSxS\amd64_microsoft.windows.common-controls_6595b64144ccf1df_6.0.19041.1110_none_60b5254171f9507e\COMCTL32.dll
0x00007ff8a8d50000 - 0x00007ff8a8d7b000 	C:\Windows\System32\GDI32.dll
0x00007ff8a6830000 - 0x00007ff8a693f000 	C:\Windows\System32\gdi32full.dll
0x00007ff8a6f80000 - 0x00007ff8a701d000 	C:\Windows\System32\msvcp_win.dll
0x00007ff89a560000 - 0x00007ff89a56a000 	C:\Windows\SYSTEM32\VERSION.dll
0x00007ff8a83f0000 - 0x00007ff8a8420000 	C:\Windows\System32\IMM32.DLL
0x00007ff897a20000 - 0x00007ff897a2c000 	C:\Program Files\Java\jdk-17\bin\vcruntime140_1.dll
0x00007ff865670000 - 0x00007ff8656fe000 	C:\Program Files\Java\jdk-17\bin\msvcp140.dll
0x00007ff8493f0000 - 0x00007ff849fc7000 	C:\Program Files\Java\jdk-17\bin\server\jvm.dll
0x00007ff8a8c30000 - 0x00007ff8a8c38000 	C:\Windows\System32\PSAPI.DLL
0x00007ff88fff0000 - 0x00007ff88fff9000 	C:\Windows\SYSTEM32\WSOCK32.dll
0x00007ff89a8f0000 - 0x00007ff89a917000 	C:\Windows\SYSTEM32\WINMM.dll
0x00007ff8a81b0000 - 0x00007ff8a821b000 	C:\Windows\System32\WS2_32.dll
0x00007ff8a5040000 - 0x00007ff8a5052000 	C:\Windows\SYSTEM32\kernel.appcore.dll
0x00007ff88f0f0000 - 0x00007ff88f0fa000 	C:\Program Files\Java\jdk-17\bin\jimage.dll
0x00007ff8a43c0000 - 0x00007ff8a45a4000 	C:\Windows\SYSTEM32\DBGHELP.DLL
0x00007ff8989d0000 - 0x00007ff898a05000 	C:\Windows\SYSTEM32\dbgcore.DLL
0x00007ff8a6940000 - 0x00007ff8a69c2000 	C:\Windows\System32\bcryptPrimitives.dll
0x00007ff89f6e0000 - 0x00007ff89f6ee000 	C:\Program Files\Java\jdk-17\bin\instrument.dll
0x00007ff87e0e0000 - 0x00007ff87e105000 	C:\Program Files\Java\jdk-17\bin\java.dll
0x00007ff85aef0000 - 0x00007ff85afc7000 	C:\Program Files\Java\jdk-17\bin\jsvml.dll
0x00007ff8a84e0000 - 0x00007ff8a8c25000 	C:\Windows\System32\SHELL32.dll
0x00007ff8a4890000 - 0x00007ff8a5022000 	C:\Windows\SYSTEM32\windows.storage.dll
0x00007ff8a7e50000 - 0x00007ff8a81a5000 	C:\Windows\System32\combase.dll
0x00007ff8a6140000 - 0x00007ff8a6170000 	C:\Windows\SYSTEM32\Wldp.dll
0x00007ff8a8420000 - 0x00007ff8a84cd000 	C:\Windows\System32\SHCORE.dll
0x00007ff8a7280000 - 0x00007ff8a72d5000 	C:\Windows\System32\shlwapi.dll
0x00007ff8a6770000 - 0x00007ff8a678f000 	C:\Windows\SYSTEM32\profapi.dll

dbghelp: loaded successfully - version: 4.0.5 - missing functions: none
symbol engine: initialized successfully - sym options: 0x614 - pdb path: .;C:\Program Files\Java\jdk-17\bin;C:\Windows\SYSTEM32;C:\Program Files\Avast Software\Avast;C:\Windows\WinSxS\amd64_microsoft.windows.common-controls_6595b64144ccf1df_6.0.19041.1110_none_60b5254171f9507e;C:\Program Files\Java\jdk-17\bin\server

VM Arguments:
jvm_args: -javaagent:C:\Program Files\JetBrains\IntelliJ IDEA Educational Edition 2022.2.2\lib\idea_rt.jar=1354:C:\Program Files\JetBrains\IntelliJ IDEA Educational Edition 2022.2.2\bin -Dfile.encoding=UTF-8 
java_command: br.com.alura.challange.Adopet.AdopetApplication
java_class_path (initial): C:\Users\Nuvemenvio\Desktop\ALURA\Slides_arquivos_jars\Adopet\Adopet\target\classes;C:\Users\Nuvemenvio\.m2\repository\org\springframework\boot\spring-boot-starter-data-jpa\3.0.5\spring-boot-starter-data-jpa-3.0.5.jar;C:\Users\Nuvemenvio\.m2\repository\org\springframework\boot\spring-boot-starter-aop\3.0.5\spring-boot-starter-aop-3.0.5.jar;C:\Users\Nuvemenvio\.m2\repository\org\aspectj\aspectjweaver\1.9.19\aspectjweaver-1.9.19.jar;C:\Users\Nuvemenvio\.m2\repository\org\springframework\boot\spring-boot-starter-jdbc\3.0.5\spring-boot-starter-jdbc-3.0.5.jar;C:\Users\Nuvemenvio\.m2\repository\com\zaxxer\HikariCP\5.0.1\HikariCP-5.0.1.jar;C:\Users\Nuvemenvio\.m2\repository\org\springframework\spring-jdbc\6.0.7\spring-jdbc-6.0.7.jar;C:\Users\Nuvemenvio\.m2\repository\org\hibernate\orm\hibernate-core\6.1.7.Final\hibernate-core-6.1.7.Final.jar;C:\Users\Nuvemenvio\.m2\repository\jakarta\persistence\jakarta.persistence-api\3.1.0\jakarta.persistence-api-3.1.0.jar;C:\Users\Nuvemenvio\.m2\repository\jakarta\transaction\jakarta.transaction-api\2.0.1\jakarta.transaction-api-2.0.1.jar;C:\Users\Nuvemenvio\.m2\repository\org\jboss\logging\jboss-logging\3.5.0.Final\jboss-logging-3.5.0.Final.jar;C:\Users\Nuvemenvio\.m2\repository\org\hibernate\common\hibernate-commons-annotations\6.0.6.Final\hibernate-commons-annotations-6.0.6.Final.jar;C:\Users\Nuvemenvio\.m2\repository\org\jboss\jandex\2.4.2.Final\jandex-2.4.2.Final.jar;C:\Users\Nuvemenvio\.m2\repository\com\fasterxml\classmate\1.5.1\classmate-1.5.1.jar;C:\Users\Nuvemenvio\.m2\repository\net\bytebuddy\byte-buddy\1.12.23\byte-buddy-1.12.23.jar;C:\Users\Nuvemenvio\.m2\repository\org\glassfish\jaxb\jaxb-runtime\4.0.2\jaxb-runtime-4.0.2.jar;C:\Users\Nuvemenvio\.m2\repository\org\glassfish\jaxb\jaxb-core\4.0.2\jaxb-core-4.0.2.jar;C:\Users\Nuvemenvio\.m2\repository\org\eclipse\angus\angus-activation\2.0.0\angus-activation-2.0.0.jar;C:\Users\Nuvemenvio\.m2\repository\org\glassfish\jaxb\txw2\4.0.2\txw2-4.0.2.jar;C
Launcher Type: SUN_STANDARD

[Global flags]
     intx CICompilerCount                          = 4                                         {product} {ergonomic}
     uint ConcGCThreads                            = 2                                         {product} {ergonomic}
     uint G1ConcRefinementThreads                  = 8                                         {product} {ergonomic}
   size_t G1HeapRegionSize                         = 2097152                                   {product} {ergonomic}
    uintx GCDrainStackTargetSize                   = 64                                        {product} {ergonomic}
   size_t InitialHeapSize                          = 264241152                                 {product} {ergonomic}
   size_t MarkStackSize                            = 4194304                                   {product} {ergonomic}
   size_t MaxHeapSize                              = 4217372672                                {product} {ergonomic}
   size_t MaxNewSize                               = 2529165312                                {product} {ergonomic}
   size_t MinHeapDeltaBytes                        = 2097152                                   {product} {ergonomic}
   size_t MinHeapSize                              = 8388608                                   {product} {ergonomic}
    uintx NonNMethodCodeHeapSize                   = 5839372                                {pd product} {ergonomic}
    uintx NonProfiledCodeHeapSize                  = 122909434                              {pd product} {ergonomic}
    uintx ProfiledCodeHeapSize                     = 122909434                              {pd product} {ergonomic}
    uintx ReservedCodeCacheSize                    = 251658240                              {pd product} {ergonomic}
     bool SegmentedCodeCache                       = true                                      {product} {ergonomic}
   size_t SoftMaxHeapSize                          = 4217372672                             {manageable} {ergonomic}
     bool UseCompressedClassPointers               = true                           {product lp64_product} {ergonomic}
     bool UseCompressedOops                        = true                           {product lp64_product} {ergonomic}
     bool UseG1GC                                  = true                                      {product} {ergonomic}
     bool UseLargePagesIndividualAllocation        = false                                  {pd product} {ergonomic}

Logging:
Log output configuration:
 #0: stdout all=warning uptime,level,tags
 #1: stderr all=off uptime,level,tags

Environment Variables:
JAVA_HOME=C:\Program Files\Java\jdk-9.0.4
PATH=C:\Program Files\Common Files\Oracle\Java\javapath;C:\ProgramData\Oracle\Java\javapath;C:\Program Files (x86)\Common Files\Oracle\Java\javapath;C:\Program Files (x86)\Common Files\Intel\Shared Libraries\redist\intel64\compiler;C:\Windows\system32;C:\Windows;C:\Windows\System32\Wbem;C:\Windows\System32\WindowsPowerShell\v1.0\;C:\Windows\System32\OpenSSH\;C:\Program Files\Java\jdk1.8.0_202\bin;C:\Program Files\Git\cmd;C:\Program Files\Java\jre1.8.0_361;C:\Program Files\Java\jdk-11.0.16.1;C:\Program Files\MySQL\MySQL Shell 8.0\bin\;C:\Users\Nuvemenvio\AppData\Local\Microsoft\WindowsApps;C:\apache-maven-3.6.3\bin;C:\Program Files\JetBrains\IntelliJ IDEA Educational Edition 2022.2.2\bin;;
USERNAME=Renan Soares
OS=Windows_NT
PROCESSOR_IDENTIFIER=Intel64 Family 6 Model 140 Stepping 1, GenuineIntel



---------------  S Y S T E M  ---------------

OS:
 Windows 10 , 64 bit Build 19041 (10.0.19041.2546)
OS uptime: 26 days 10:20 hours
Hyper-V role detected

CPU: total 8 (initial active 8) (4 cores per cpu, 2 threads per core) family 6 model 140 stepping 1 microcode 0x86, cx8, cmov, fxsr, ht, mmx, 3dnowpref, sse, sse2, sse3, ssse3, sse4.1, sse4.2, popcnt, lzcnt, tsc, tscinvbit, avx, avx2, aes, erms, clmul, bmi1, bmi2, adx, avx512f, avx512dq, avx512cd, avx512bw, avx512vl, sha, fma, vzeroupper, avx512_vpopcntdq, avx512_vpclmulqdq, avx512_vaes, avx512_vnni, clflush, clflushopt, clwb, avx512_vbmi2, avx512_vbmi, hv

Memory: 4k page, system-wide physical 16082M (2759M free)
TotalPageFile size 46578M (AvailPageFile size 5M)
current process WorkingSet (physical memory assigned to process): 25M, peak: 25M
current process commit charge ("private bytes"): 330M, peak: 334M

vm_info: Java HotSpot(TM) 64-Bit Server VM (17.0.6+9-LTS-190) for windows-amd64 JRE (17.0.6+9-LTS-190), built on Dec  6 2022 15:53:54 by "mach5one" with MS VC++ 17.1 (VS2022)

END.
