#
# There is insufficient memory for the Java Runtime Environment to continue.
# Native memory allocation (malloc) failed to allocate 904816 bytes for Chunk::new
# Possible reasons:
#   The system is out of physical RAM or swap space
#   The process is running with CompressedOops enabled, and the Java Heap may be blocking the growth of the native heap
# Possible solutions:
#   Reduce memory load on the system
#   Increase physical memory or swap space
#   Check if swap backing store is full
#   Decrease Java heap size (-Xmx/-Xms)
#   Decrease number of Java threads
#   Decrease Java thread stack sizes (-Xss)
#   Set larger code cache with -XX:ReservedCodeCacheSize=
#   JVM is running with Zero Based Compressed Oops mode in which the Java heap is
#     placed in the first 32GB address space. The Java Heap base address is the
#     maximum limit for the native heap growth. Please use -XX:HeapBaseMinAddress
#     to set the Java Heap base and to place the Java Heap above 32GB virtual address.
# This output file may be truncated or incomplete.
#
#  Out of Memory Error (arena.cpp:189), pid=88, tid=5136
#
# JRE version: Java(TM) SE Runtime Environment (17.0.6+9) (build 17.0.6+9-LTS-190)
# Java VM: Java HotSpot(TM) 64-Bit Server VM (17.0.6+9-LTS-190, mixed mode, sharing, tiered, compressed oops, compressed class ptrs, g1 gc, windows-amd64)
# No core dump will be written. Minidumps are not enabled by default on client versions of Windows
#

---------------  S U M M A R Y ------------

Command Line: -javaagent:C:\Program Files\JetBrains\IntelliJ IDEA Educational Edition 2022.2.2\lib\idea_rt.jar=1409:C:\Program Files\JetBrains\IntelliJ IDEA Educational Edition 2022.2.2\bin -Dfile.encoding=UTF-8 br.com.alura.challange.Adopet.AdopetApplication

Host: 11th Gen Intel(R) Core(TM) i7-1165G7 @ 2.80GHz, 8 cores, 15G,  Windows 10 , 64 bit Build 19041 (10.0.19041.2546)
Time: Mon Apr 24 23:53:44 2023 Hora oficial do Brasil elapsed time: 0.778068 seconds (0d 0h 0m 0s)

---------------  T H R E A D  ---------------

Current thread (0x000001833a4e0590):  JavaThread "C2 CompilerThread0" daemon [_thread_in_native, id=5136, stack(0x000000629cb00000,0x000000629cc00000)]


Current CompileTask:
C2:    778 1594   !   4       java.net.URL::<init> (543 bytes)

Stack: [0x000000629cb00000,0x000000629cc00000]
Native frames: (J=compiled Java code, j=interpreted, Vv=VM code, C=native code)
V  [jvm.dll+0x6734ea]
V  [jvm.dll+0x7d18f4]
V  [jvm.dll+0x7d309e]
V  [jvm.dll+0x7d3703]
V  [jvm.dll+0x2433c5]
V  [jvm.dll+0xaa46b]
V  [jvm.dll+0xaaa0c]
V  [jvm.dll+0x2a8b1f]
V  [jvm.dll+0x57bf85]
V  [jvm.dll+0x21e142]
V  [jvm.dll+0x21e51f]
V  [jvm.dll+0x217c36]
V  [jvm.dll+0x215109]
V  [jvm.dll+0x1a1730]
V  [jvm.dll+0x224b6e]
V  [jvm.dll+0x222f15]
V  [jvm.dll+0x78753c]
V  [jvm.dll+0x781a7a]
V  [jvm.dll+0x672375]
C  [ucrtbase.dll+0x21bb2]
C  [KERNEL32.DLL+0x17614]
C  [ntdll.dll+0x526a1]


---------------  P R O C E S S  ---------------

Threads class SMR info:
_java_thread_list=0x000001833beffe60, length=18, elements={
0x0000018317964f70, 0x000001833a4c8360, 0x000001833a4c8f10, 0x000001833a4d9bc0,
0x000001833a4dc490, 0x000001833a4dee50, 0x000001833a4df800, 0x000001833a4e0590,
0x000001833b008140, 0x000001833a4e6ca0, 0x000001833a4b5cb0, 0x000001833a4b65c0,
0x000001833b2d7480, 0x000001833b2d7950, 0x000001833c5b2010, 0x000001833bbf79c0,
0x000001833bbf8310, 0x000001833c641200
}

Java Threads: ( => current thread )
  0x0000018317964f70 JavaThread "main" [_thread_blocked, id=17780, stack(0x000000629be00000,0x000000629bf00000)]
  0x000001833a4c8360 JavaThread "Reference Handler" daemon [_thread_blocked, id=24420, stack(0x000000629c500000,0x000000629c600000)]
  0x000001833a4c8f10 JavaThread "Finalizer" daemon [_thread_blocked, id=22380, stack(0x000000629c600000,0x000000629c700000)]
  0x000001833a4d9bc0 JavaThread "Signal Dispatcher" daemon [_thread_blocked, id=17664, stack(0x000000629c700000,0x000000629c800000)]
  0x000001833a4dc490 JavaThread "Attach Listener" daemon [_thread_blocked, id=756, stack(0x000000629c800000,0x000000629c900000)]
  0x000001833a4dee50 JavaThread "Service Thread" daemon [_thread_blocked, id=14608, stack(0x000000629c900000,0x000000629ca00000)]
  0x000001833a4df800 JavaThread "Monitor Deflation Thread" daemon [_thread_blocked, id=18824, stack(0x000000629ca00000,0x000000629cb00000)]
=>0x000001833a4e0590 JavaThread "C2 CompilerThread0" daemon [_thread_in_native, id=5136, stack(0x000000629cb00000,0x000000629cc00000)]
  0x000001833b008140 JavaThread "C1 CompilerThread0" daemon [_thread_blocked, id=10736, stack(0x000000629cc00000,0x000000629cd00000)]
  0x000001833a4e6ca0 JavaThread "Sweeper thread" daemon [_thread_blocked, id=2384, stack(0x000000629cd00000,0x000000629ce00000)]
  0x000001833a4b5cb0 JavaThread "Common-Cleaner" daemon [_thread_blocked, id=4852, stack(0x000000629ce00000,0x000000629cf00000)]
  0x000001833a4b65c0 JavaThread "C2 CompilerThread1" daemon [_thread_in_native, id=5432, stack(0x000000629cf00000,0x000000629d000000)]
  0x000001833b2d7480 JavaThread "Monitor Ctrl-Break" daemon [_thread_in_native, id=10652, stack(0x000000629d000000,0x000000629d100000)]
  0x000001833b2d7950 JavaThread "Notification Thread" daemon [_thread_blocked, id=3596, stack(0x000000629d100000,0x000000629d200000)]
  0x000001833c5b2010 JavaThread "C2 CompilerThread2" daemon [_thread_in_native, id=2392, stack(0x000000629d300000,0x000000629d400000)]
  0x000001833bbf79c0 JavaThread "Thread-0" [_thread_blocked, id=15448, stack(0x000000629d400000,0x000000629d500000)]
  0x000001833bbf8310 JavaThread "restartedMain" [_thread_in_Java, id=26572, stack(0x000000629d500000,0x000000629d600000)]
  0x000001833c641200 JavaThread "background-preinit" [_thread_in_Java, id=26376, stack(0x000000629db00000,0x000000629dc00000)]

Other Threads:
  0x000001833a4c4fe0 VMThread "VM Thread" [stack: 0x000000629c400000,0x000000629c500000] [id=24536]
  0x00000183179f91e0 WatcherThread [stack: 0x000000629d200000,0x000000629d300000] [id=7484]
  0x00000183179cc450 GCTaskThread "GC Thread#0" [stack: 0x000000629bf00000,0x000000629c000000] [id=12972]
  0x000001833b86f650 GCTaskThread "GC Thread#1" [stack: 0x000000629d600000,0x000000629d700000] [id=19664]
  0x000001833b86f900 GCTaskThread "GC Thread#2" [stack: 0x000000629d700000,0x000000629d800000] [id=3824]
  0x000001833b6a6860 GCTaskThread "GC Thread#3" [stack: 0x000000629d800000,0x000000629d900000] [id=7544]
  0x000001833c1d06b0 GCTaskThread "GC Thread#4" [stack: 0x000000629d900000,0x000000629da00000] [id=14620]
  0x000001833c1cf940 GCTaskThread "GC Thread#5" [stack: 0x000000629da00000,0x000000629db00000] [id=11952]
  0x000001833c1cfea0 GCTaskThread "GC Thread#6" [stack: 0x000000629dc00000,0x000000629dd00000] [id=20512]
  0x000001833c1d0ec0 GCTaskThread "GC Thread#7" [stack: 0x000000629dd00000,0x000000629de00000] [id=13704]
  0x00000183179defe0 ConcurrentGCThread "G1 Main Marker" [stack: 0x000000629c000000,0x000000629c100000] [id=13064]
  0x00000183179e11a0 ConcurrentGCThread "G1 Conc#0" [stack: 0x000000629c100000,0x000000629c200000] [id=16912]
  0x000001833a37e530 ConcurrentGCThread "G1 Refine#0" [stack: 0x000000629c200000,0x000000629c300000] [id=5408]
  0x000001833a383fc0 ConcurrentGCThread "G1 Service" [stack: 0x000000629c300000,0x000000629c400000] [id=21092]

Threads with active compile tasks:
C2 CompilerThread0      800 1594   !   4       java.net.URL::<init> (543 bytes)
C2 CompilerThread1      800 1741       4       jdk.internal.util.jar.JarIndex::get (49 bytes)
C2 CompilerThread2      800 1654       4       jdk.internal.org.objectweb.asm.Frame::execute (2305 bytes)

VM state: not at safepoint (normal execution)

VM Mutex/Monitor currently owned by a thread: None

Heap address: 0x0000000704a00000, size: 4022 MB, Compressed Oops mode: Zero based, Oop shift amount: 3

CDS archive(s) mapped at: [0x0000000800000000-0x0000000800bd0000-0x0000000800bd0000), size 12386304, SharedBaseAddress: 0x0000000800000000, ArchiveRelocationMode: 0.
Compressed class space mapped at: 0x0000000800c00000-0x0000000840c00000, reserved size: 1073741824
Narrow klass base: 0x0000000800000000, Narrow klass shift: 0, Narrow klass range: 0x100000000

GC Precious Log:
 CPUs: 8 total, 8 available
 Memory: 16082M
 Large Page Support: Disabled
 NUMA Support: Disabled
 Compressed Oops: Enabled (Zero based)
 Heap Region Size: 2M
 Heap Min Capacity: 8M
 Heap Initial Capacity: 252M
 Heap Max Capacity: 4022M
 Pre-touch: Disabled
 Parallel Workers: 8
 Concurrent Workers: 2
 Concurrent Refinement Workers: 8
 Periodic GC: Disabled

Heap:
 garbage-first heap   total 258048K, used 10445K [0x0000000704a00000, 0x0000000800000000)
  region size 2048K, 4 young (8192K), 2 survivors (4096K)
 Metaspace       used 12279K, committed 12544K, reserved 1064960K
  class space    used 1654K, committed 1792K, reserved 1048576K

Heap Regions: E=young(eden), S=young(survivor), O=old, HS=humongous(starts), HC=humongous(continues), CS=collection set, F=free, OA=open archive, CA=closed archive, TAMS=top-at-mark-start (previous, next)
|   0|0x0000000704a00000, 0x0000000704c00000, 0x0000000704c00000|100%| O|  |TAMS 0x0000000704a00000, 0x0000000704a00000| Untracked 
|   1|0x0000000704c00000, 0x0000000704e00000, 0x0000000704e00000|100%| O|  |TAMS 0x0000000704c00000, 0x0000000704c00000| Untracked 
|   2|0x0000000704e00000, 0x0000000705000000, 0x0000000705000000|100%| O|  |TAMS 0x0000000704e00000, 0x0000000704e00000| Untracked 
|   3|0x0000000705000000, 0x0000000705023000, 0x0000000705200000|  6%| O|  |TAMS 0x0000000705000000, 0x0000000705000000| Untracked 
|   4|0x0000000705200000, 0x0000000705200000, 0x0000000705400000|  0%| F|  |TAMS 0x0000000705200000, 0x0000000705200000| Untracked 
|   5|0x0000000705400000, 0x0000000705400000, 0x0000000705600000|  0%| F|  |TAMS 0x0000000705400000, 0x0000000705400000| Untracked 
|   6|0x0000000705600000, 0x0000000705600000, 0x0000000705800000|  0%| F|  |TAMS 0x0000000705600000, 0x0000000705600000| Untracked 
|   7|0x0000000705800000, 0x0000000705800000, 0x0000000705a00000|  0%| F|  |TAMS 0x0000000705800000, 0x0000000705800000| Untracked 
|   8|0x0000000705a00000, 0x0000000705a00000, 0x0000000705c00000|  0%| F|  |TAMS 0x0000000705a00000, 0x0000000705a00000| Untracked 
|   9|0x0000000705c00000, 0x0000000705c00000, 0x0000000705e00000|  0%| F|  |TAMS 0x0000000705c00000, 0x0000000705c00000| Untracked 
|  10|0x0000000705e00000, 0x0000000705e00000, 0x0000000706000000|  0%| F|  |TAMS 0x0000000705e00000, 0x0000000705e00000| Untracked 
|  11|0x0000000706000000, 0x0000000706000000, 0x0000000706200000|  0%| F|  |TAMS 0x0000000706000000, 0x0000000706000000| Untracked 
|  12|0x0000000706200000, 0x0000000706200000, 0x0000000706400000|  0%| F|  |TAMS 0x0000000706200000, 0x0000000706200000| Untracked 
|  13|0x0000000706400000, 0x0000000706400000, 0x0000000706600000|  0%| F|  |TAMS 0x0000000706400000, 0x0000000706400000| Untracked 
|  14|0x0000000706600000, 0x0000000706600000, 0x0000000706800000|  0%| F|  |TAMS 0x0000000706600000, 0x0000000706600000| Untracked 
|  15|0x0000000706800000, 0x0000000706800000, 0x0000000706a00000|  0%| F|  |TAMS 0x0000000706800000, 0x0000000706800000| Untracked 
|  16|0x0000000706a00000, 0x0000000706a00000, 0x0000000706c00000|  0%| F|  |TAMS 0x0000000706a00000, 0x0000000706a00000| Untracked 
|  17|0x0000000706c00000, 0x0000000706c00000, 0x0000000706e00000|  0%| F|  |TAMS 0x0000000706c00000, 0x0000000706c00000| Untracked 
|  18|0x0000000706e00000, 0x0000000706e00000, 0x0000000707000000|  0%| F|  |TAMS 0x0000000706e00000, 0x0000000706e00000| Untracked 
|  19|0x0000000707000000, 0x0000000707000000, 0x0000000707200000|  0%| F|  |TAMS 0x0000000707000000, 0x0000000707000000| Untracked 
|  20|0x0000000707200000, 0x0000000707200000, 0x0000000707400000|  0%| F|  |TAMS 0x0000000707200000, 0x0000000707200000| Untracked 
|  21|0x0000000707400000, 0x0000000707400000, 0x0000000707600000|  0%| F|  |TAMS 0x0000000707400000, 0x0000000707400000| Untracked 
|  22|0x0000000707600000, 0x0000000707600000, 0x0000000707800000|  0%| F|  |TAMS 0x0000000707600000, 0x0000000707600000| Untracked 
|  23|0x0000000707800000, 0x0000000707800000, 0x0000000707a00000|  0%| F|  |TAMS 0x0000000707800000, 0x0000000707800000| Untracked 
|  24|0x0000000707a00000, 0x0000000707a00000, 0x0000000707c00000|  0%| F|  |TAMS 0x0000000707a00000, 0x0000000707a00000| Untracked 
|  25|0x0000000707c00000, 0x0000000707c00000, 0x0000000707e00000|  0%| F|  |TAMS 0x0000000707c00000, 0x0000000707c00000| Untracked 
|  26|0x0000000707e00000, 0x0000000707e00000, 0x0000000708000000|  0%| F|  |TAMS 0x0000000707e00000, 0x0000000707e00000| Untracked 
|  27|0x0000000708000000, 0x0000000708000000, 0x0000000708200000|  0%| F|  |TAMS 0x0000000708000000, 0x0000000708000000| Untracked 
|  28|0x0000000708200000, 0x0000000708200000, 0x0000000708400000|  0%| F|  |TAMS 0x0000000708200000, 0x0000000708200000| Untracked 
|  29|0x0000000708400000, 0x0000000708400000, 0x0000000708600000|  0%| F|  |TAMS 0x0000000708400000, 0x0000000708400000| Untracked 
|  30|0x0000000708600000, 0x0000000708600000, 0x0000000708800000|  0%| F|  |TAMS 0x0000000708600000, 0x0000000708600000| Untracked 
|  31|0x0000000708800000, 0x0000000708800000, 0x0000000708a00000|  0%| F|  |TAMS 0x0000000708800000, 0x0000000708800000| Untracked 
|  32|0x0000000708a00000, 0x0000000708a00000, 0x0000000708c00000|  0%| F|  |TAMS 0x0000000708a00000, 0x0000000708a00000| Untracked 
|  33|0x0000000708c00000, 0x0000000708c00000, 0x0000000708e00000|  0%| F|  |TAMS 0x0000000708c00000, 0x0000000708c00000| Untracked 
|  34|0x0000000708e00000, 0x0000000708e00000, 0x0000000709000000|  0%| F|  |TAMS 0x0000000708e00000, 0x0000000708e00000| Untracked 
|  35|0x0000000709000000, 0x0000000709000000, 0x0000000709200000|  0%| F|  |TAMS 0x0000000709000000, 0x0000000709000000| Untracked 
|  36|0x0000000709200000, 0x0000000709200000, 0x0000000709400000|  0%| F|  |TAMS 0x0000000709200000, 0x0000000709200000| Untracked 
|  37|0x0000000709400000, 0x0000000709400000, 0x0000000709600000|  0%| F|  |TAMS 0x0000000709400000, 0x0000000709400000| Untracked 
|  38|0x0000000709600000, 0x0000000709600000, 0x0000000709800000|  0%| F|  |TAMS 0x0000000709600000, 0x0000000709600000| Untracked 
|  39|0x0000000709800000, 0x0000000709800000, 0x0000000709a00000|  0%| F|  |TAMS 0x0000000709800000, 0x0000000709800000| Untracked 
|  40|0x0000000709a00000, 0x0000000709a00000, 0x0000000709c00000|  0%| F|  |TAMS 0x0000000709a00000, 0x0000000709a00000| Untracked 
|  41|0x0000000709c00000, 0x0000000709c00000, 0x0000000709e00000|  0%| F|  |TAMS 0x0000000709c00000, 0x0000000709c00000| Untracked 
|  42|0x0000000709e00000, 0x0000000709e00000, 0x000000070a000000|  0%| F|  |TAMS 0x0000000709e00000, 0x0000000709e00000| Untracked 
|  43|0x000000070a000000, 0x000000070a000000, 0x000000070a200000|  0%| F|  |TAMS 0x000000070a000000, 0x000000070a000000| Untracked 
|  44|0x000000070a200000, 0x000000070a200000, 0x000000070a400000|  0%| F|  |TAMS 0x000000070a200000, 0x000000070a200000| Untracked 
|  45|0x000000070a400000, 0x000000070a400000, 0x000000070a600000|  0%| F|  |TAMS 0x000000070a400000, 0x000000070a400000| Untracked 
|  46|0x000000070a600000, 0x000000070a600000, 0x000000070a800000|  0%| F|  |TAMS 0x000000070a600000, 0x000000070a600000| Untracked 
|  47|0x000000070a800000, 0x000000070a800000, 0x000000070aa00000|  0%| F|  |TAMS 0x000000070a800000, 0x000000070a800000| Untracked 
|  48|0x000000070aa00000, 0x000000070aa00000, 0x000000070ac00000|  0%| F|  |TAMS 0x000000070aa00000, 0x000000070aa00000| Untracked 
|  49|0x000000070ac00000, 0x000000070ac00000, 0x000000070ae00000|  0%| F|  |TAMS 0x000000070ac00000, 0x000000070ac00000| Untracked 
|  50|0x000000070ae00000, 0x000000070ae00000, 0x000000070b000000|  0%| F|  |TAMS 0x000000070ae00000, 0x000000070ae00000| Untracked 
|  51|0x000000070b000000, 0x000000070b000000, 0x000000070b200000|  0%| F|  |TAMS 0x000000070b000000, 0x000000070b000000| Untracked 
|  52|0x000000070b200000, 0x000000070b200000, 0x000000070b400000|  0%| F|  |TAMS 0x000000070b200000, 0x000000070b200000| Untracked 
|  53|0x000000070b400000, 0x000000070b400000, 0x000000070b600000|  0%| F|  |TAMS 0x000000070b400000, 0x000000070b400000| Untracked 
|  54|0x000000070b600000, 0x000000070b600000, 0x000000070b800000|  0%| F|  |TAMS 0x000000070b600000, 0x000000070b600000| Untracked 
|  55|0x000000070b800000, 0x000000070b800000, 0x000000070ba00000|  0%| F|  |TAMS 0x000000070b800000, 0x000000070b800000| Untracked 
|  56|0x000000070ba00000, 0x000000070ba00000, 0x000000070bc00000|  0%| F|  |TAMS 0x000000070ba00000, 0x000000070ba00000| Untracked 
|  57|0x000000070bc00000, 0x000000070bc00000, 0x000000070be00000|  0%| F|  |TAMS 0x000000070bc00000, 0x000000070bc00000| Untracked 
|  58|0x000000070be00000, 0x000000070be00000, 0x000000070c000000|  0%| F|  |TAMS 0x000000070be00000, 0x000000070be00000| Untracked 
|  59|0x000000070c000000, 0x000000070c000000, 0x000000070c200000|  0%| F|  |TAMS 0x000000070c000000, 0x000000070c000000| Untracked 
|  60|0x000000070c200000, 0x000000070c200000, 0x000000070c400000|  0%| F|  |TAMS 0x000000070c200000, 0x000000070c200000| Untracked 
|  61|0x000000070c400000, 0x000000070c400000, 0x000000070c600000|  0%| F|  |TAMS 0x000000070c400000, 0x000000070c400000| Untracked 
|  62|0x000000070c600000, 0x000000070c600000, 0x000000070c800000|  0%| F|  |TAMS 0x000000070c600000, 0x000000070c600000| Untracked 
|  63|0x000000070c800000, 0x000000070c800000, 0x000000070ca00000|  0%| F|  |TAMS 0x000000070c800000, 0x000000070c800000| Untracked 
|  64|0x000000070ca00000, 0x000000070ca00000, 0x000000070cc00000|  0%| F|  |TAMS 0x000000070ca00000, 0x000000070ca00000| Untracked 
|  65|0x000000070cc00000, 0x000000070cc00000, 0x000000070ce00000|  0%| F|  |TAMS 0x000000070cc00000, 0x000000070cc00000| Untracked 
|  66|0x000000070ce00000, 0x000000070ce00000, 0x000000070d000000|  0%| F|  |TAMS 0x000000070ce00000, 0x000000070ce00000| Untracked 
|  67|0x000000070d000000, 0x000000070d000000, 0x000000070d200000|  0%| F|  |TAMS 0x000000070d000000, 0x000000070d000000| Untracked 
|  68|0x000000070d200000, 0x000000070d200000, 0x000000070d400000|  0%| F|  |TAMS 0x000000070d200000, 0x000000070d200000| Untracked 
|  69|0x000000070d400000, 0x000000070d400000, 0x000000070d600000|  0%| F|  |TAMS 0x000000070d400000, 0x000000070d400000| Untracked 
|  70|0x000000070d600000, 0x000000070d600000, 0x000000070d800000|  0%| F|  |TAMS 0x000000070d600000, 0x000000070d600000| Untracked 
|  71|0x000000070d800000, 0x000000070d800000, 0x000000070da00000|  0%| F|  |TAMS 0x000000070d800000, 0x000000070d800000| Untracked 
|  72|0x000000070da00000, 0x000000070da00000, 0x000000070dc00000|  0%| F|  |TAMS 0x000000070da00000, 0x000000070da00000| Untracked 
|  73|0x000000070dc00000, 0x000000070dc00000, 0x000000070de00000|  0%| F|  |TAMS 0x000000070dc00000, 0x000000070dc00000| Untracked 
|  74|0x000000070de00000, 0x000000070de00000, 0x000000070e000000|  0%| F|  |TAMS 0x000000070de00000, 0x000000070de00000| Untracked 
|  75|0x000000070e000000, 0x000000070e000000, 0x000000070e200000|  0%| F|  |TAMS 0x000000070e000000, 0x000000070e000000| Untracked 
|  76|0x000000070e200000, 0x000000070e200000, 0x000000070e400000|  0%| F|  |TAMS 0x000000070e200000, 0x000000070e200000| Untracked 
|  77|0x000000070e400000, 0x000000070e400000, 0x000000070e600000|  0%| F|  |TAMS 0x000000070e400000, 0x000000070e400000| Untracked 
|  78|0x000000070e600000, 0x000000070e600000, 0x000000070e800000|  0%| F|  |TAMS 0x000000070e600000, 0x000000070e600000| Untracked 
|  79|0x000000070e800000, 0x000000070e800000, 0x000000070ea00000|  0%| F|  |TAMS 0x000000070e800000, 0x000000070e800000| Untracked 
|  80|0x000000070ea00000, 0x000000070ea00000, 0x000000070ec00000|  0%| F|  |TAMS 0x000000070ea00000, 0x000000070ea00000| Untracked 
|  81|0x000000070ec00000, 0x000000070ec00000, 0x000000070ee00000|  0%| F|  |TAMS 0x000000070ec00000, 0x000000070ec00000| Untracked 
|  82|0x000000070ee00000, 0x000000070ee00000, 0x000000070f000000|  0%| F|  |TAMS 0x000000070ee00000, 0x000000070ee00000| Untracked 
|  83|0x000000070f000000, 0x000000070f000000, 0x000000070f200000|  0%| F|  |TAMS 0x000000070f000000, 0x000000070f000000| Untracked 
|  84|0x000000070f200000, 0x000000070f200000, 0x000000070f400000|  0%| F|  |TAMS 0x000000070f200000, 0x000000070f200000| Untracked 
|  85|0x000000070f400000, 0x000000070f400000, 0x000000070f600000|  0%| F|  |TAMS 0x000000070f400000, 0x000000070f400000| Untracked 
|  86|0x000000070f600000, 0x000000070f600000, 0x000000070f800000|  0%| F|  |TAMS 0x000000070f600000, 0x000000070f600000| Untracked 
|  87|0x000000070f800000, 0x000000070f800000, 0x000000070fa00000|  0%| F|  |TAMS 0x000000070f800000, 0x000000070f800000| Untracked 
|  88|0x000000070fa00000, 0x000000070fa00000, 0x000000070fc00000|  0%| F|  |TAMS 0x000000070fa00000, 0x000000070fa00000| Untracked 
|  89|0x000000070fc00000, 0x000000070fc00000, 0x000000070fe00000|  0%| F|  |TAMS 0x000000070fc00000, 0x000000070fc00000| Untracked 
|  90|0x000000070fe00000, 0x000000070fe00000, 0x0000000710000000|  0%| F|  |TAMS 0x000000070fe00000, 0x000000070fe00000| Untracked 
|  91|0x0000000710000000, 0x0000000710000000, 0x0000000710200000|  0%| F|  |TAMS 0x0000000710000000, 0x0000000710000000| Untracked 
|  92|0x0000000710200000, 0x0000000710200000, 0x0000000710400000|  0%| F|  |TAMS 0x0000000710200000, 0x0000000710200000| Untracked 
|  93|0x0000000710400000, 0x0000000710400000, 0x0000000710600000|  0%| F|  |TAMS 0x0000000710400000, 0x0000000710400000| Untracked 
|  94|0x0000000710600000, 0x0000000710600000, 0x0000000710800000|  0%| F|  |TAMS 0x0000000710600000, 0x0000000710600000| Untracked 
|  95|0x0000000710800000, 0x0000000710800000, 0x0000000710a00000|  0%| F|  |TAMS 0x0000000710800000, 0x0000000710800000| Untracked 
|  96|0x0000000710a00000, 0x0000000710a00000, 0x0000000710c00000|  0%| F|  |TAMS 0x0000000710a00000, 0x0000000710a00000| Untracked 
|  97|0x0000000710c00000, 0x0000000710c00000, 0x0000000710e00000|  0%| F|  |TAMS 0x0000000710c00000, 0x0000000710c00000| Untracked 
|  98|0x0000000710e00000, 0x0000000710e00000, 0x0000000711000000|  0%| F|  |TAMS 0x0000000710e00000, 0x0000000710e00000| Untracked 
|  99|0x0000000711000000, 0x0000000711000000, 0x0000000711200000|  0%| F|  |TAMS 0x0000000711000000, 0x0000000711000000| Untracked 
| 100|0x0000000711200000, 0x0000000711200000, 0x0000000711400000|  0%| F|  |TAMS 0x0000000711200000, 0x0000000711200000| Untracked 
| 101|0x0000000711400000, 0x0000000711400000, 0x0000000711600000|  0%| F|  |TAMS 0x0000000711400000, 0x0000000711400000| Untracked 
| 102|0x0000000711600000, 0x0000000711600000, 0x0000000711800000|  0%| F|  |TAMS 0x0000000711600000, 0x0000000711600000| Untracked 
| 103|0x0000000711800000, 0x0000000711800000, 0x0000000711a00000|  0%| F|  |TAMS 0x0000000711800000, 0x0000000711800000| Untracked 
| 104|0x0000000711a00000, 0x0000000711a00000, 0x0000000711c00000|  0%| F|  |TAMS 0x0000000711a00000, 0x0000000711a00000| Untracked 
| 105|0x0000000711c00000, 0x0000000711c00000, 0x0000000711e00000|  0%| F|  |TAMS 0x0000000711c00000, 0x0000000711c00000| Untracked 
| 106|0x0000000711e00000, 0x0000000711e00000, 0x0000000712000000|  0%| F|  |TAMS 0x0000000711e00000, 0x0000000711e00000| Untracked 
| 107|0x0000000712000000, 0x0000000712000000, 0x0000000712200000|  0%| F|  |TAMS 0x0000000712000000, 0x0000000712000000| Untracked 
| 108|0x0000000712200000, 0x0000000712200000, 0x0000000712400000|  0%| F|  |TAMS 0x0000000712200000, 0x0000000712200000| Untracked 
| 109|0x0000000712400000, 0x00000007124105a0, 0x0000000712600000|  3%| S|CS|TAMS 0x0000000712400000, 0x0000000712400000| Complete 
| 110|0x0000000712600000, 0x0000000712800000, 0x0000000712800000|100%| S|CS|TAMS 0x0000000712600000, 0x0000000712600000| Complete 
| 111|0x0000000712800000, 0x0000000712800000, 0x0000000712a00000|  0%| F|  |TAMS 0x0000000712800000, 0x0000000712800000| Untracked 
| 112|0x0000000712a00000, 0x0000000712a00000, 0x0000000712c00000|  0%| F|  |TAMS 0x0000000712a00000, 0x0000000712a00000| Untracked 
| 113|0x0000000712c00000, 0x0000000712c00000, 0x0000000712e00000|  0%| F|  |TAMS 0x0000000712c00000, 0x0000000712c00000| Untracked 
| 114|0x0000000712e00000, 0x0000000712e00000, 0x0000000713000000|  0%| F|  |TAMS 0x0000000712e00000, 0x0000000712e00000| Untracked 
| 115|0x0000000713000000, 0x0000000713000000, 0x0000000713200000|  0%| F|  |TAMS 0x0000000713000000, 0x0000000713000000| Untracked 
| 116|0x0000000713200000, 0x0000000713200000, 0x0000000713400000|  0%| F|  |TAMS 0x0000000713200000, 0x0000000713200000| Untracked 
| 117|0x0000000713400000, 0x0000000713400000, 0x0000000713600000|  0%| F|  |TAMS 0x0000000713400000, 0x0000000713400000| Untracked 
| 118|0x0000000713600000, 0x0000000713600000, 0x0000000713800000|  0%| F|  |TAMS 0x0000000713600000, 0x0000000713600000| Untracked 
| 119|0x0000000713800000, 0x0000000713800000, 0x0000000713a00000|  0%| F|  |TAMS 0x0000000713800000, 0x0000000713800000| Untracked 
| 120|0x0000000713a00000, 0x0000000713a00000, 0x0000000713c00000|  0%| F|  |TAMS 0x0000000713a00000, 0x0000000713a00000| Untracked 
| 121|0x0000000713c00000, 0x0000000713c00000, 0x0000000713e00000|  0%| F|  |TAMS 0x0000000713c00000, 0x0000000713c00000| Untracked 
| 122|0x0000000713e00000, 0x0000000713e00000, 0x0000000714000000|  0%| F|  |TAMS 0x0000000713e00000, 0x0000000713e00000| Untracked 
| 123|0x0000000714000000, 0x0000000714000000, 0x0000000714200000|  0%| F|  |TAMS 0x0000000714000000, 0x0000000714000000| Untracked 
| 124|0x0000000714200000, 0x0000000714400000, 0x0000000714400000|100%| E|  |TAMS 0x0000000714200000, 0x0000000714200000| Complete 
| 125|0x0000000714400000, 0x0000000714600000, 0x0000000714600000|100%| E|CS|TAMS 0x0000000714400000, 0x0000000714400000| Complete 

Card table byte_map: [0x000001832ecf0000,0x000001832f4d0000] _byte_map_base: 0x000001832b4cb000

Marking Bits (Prev, Next): (CMBitMap*) 0x00000183179cca60, (CMBitMap*) 0x00000183179ccaa0
 Prev Bits: [0x000001832fcb0000, 0x0000018333b88000)
 Next Bits: [0x0000018333b90000, 0x0000018337a68000)

Polling page: 0x0000018315ad0000

Metaspace:

Usage:
  Non-class:     10.46 MB used.
      Class:      1.63 MB used.
       Both:     12.10 MB used.

Virtual space:
  Non-class space:       16.00 MB reserved,      10.56 MB ( 66%) committed,  2 nodes.
      Class space:        1.00 GB reserved,       1.75 MB ( <1%) committed,  1 nodes.
             Both:        1.02 GB reserved,      12.31 MB (  1%) committed. 

Chunk freelists:
   Non-Class:  1.16 MB
       Class:  2.20 MB
        Both:  3.36 MB

MaxMetaspaceSize: unlimited
CompressedClassSpaceSize: 1.00 GB
Initial GC threshold: 21.00 MB
Current GC threshold: 21.00 MB
CDS: on
MetaspaceReclaimPolicy: balanced
 - commit_granule_bytes: 65536.
 - commit_granule_words: 8192.
 - virtual_space_node_default_size: 1048576.
 - enlarge_chunks_in_place: 1.
 - new_chunks_are_fully_committed: 0.
 - uncommit_free_chunks: 1.
 - use_allocation_guard: 0.
 - handle_deallocations: 1.


Internal statistics:

num_allocs_failed_limit: 0.
num_arena_births: 156.
num_arena_deaths: 0.
num_vsnodes_births: 3.
num_vsnodes_deaths: 0.
num_space_committed: 197.
num_space_uncommitted: 0.
num_chunks_returned_to_freelist: 0.
num_chunks_taken_from_freelist: 538.
num_chunk_merges: 0.
num_chunk_splits: 362.
num_chunks_enlarged: 285.
num_purges: 0.
num_inconsistent_stats: 0.

CodeHeap 'non-profiled nmethods': size=120000Kb used=634Kb max_used=634Kb free=119365Kb
 bounds [0x0000018326cb0000, 0x0000018326f20000, 0x000001832e1e0000]
CodeHeap 'profiled nmethods': size=120000Kb used=3171Kb max_used=3171Kb free=116828Kb
 bounds [0x000001831f1e0000, 0x000001831f500000, 0x0000018326710000]
CodeHeap 'non-nmethods': size=5760Kb used=1193Kb max_used=1211Kb free=4566Kb
 bounds [0x0000018326710000, 0x0000018326980000, 0x0000018326cb0000]
 total_blobs=2218 nmethods=1745 adapters=385
 compilation: enabled
              stopped_count=0, restarted_count=0
 full_count=0

Compilation events (20 events):
Event: 0.763 Thread 0x000001833a4b65c0 1716       4       sun.net.util.IPAddressUtil::checkHostString (53 bytes)
Event: 0.763 Thread 0x000001833b008140 nmethod 1718 0x000001831f4e8690 code [0x000001831f4e8880, 0x000001831f4e8c88]
Event: 0.764 Thread 0x000001833a4b65c0 nmethod 1716 0x0000018326d4a790 code [0x0000018326d4a900, 0x0000018326d4a998]
Event: 0.764 Thread 0x000001833a4b65c0 1719 % !   4       java.util.concurrent.ConcurrentHashMap::transfer @ 96 (849 bytes)
Event: 0.765 Thread 0x000001833b008140 1720   !   3       sun.reflect.annotation.AnnotationParser::parseAnnotations (37 bytes)
Event: 0.766 Thread 0x000001833b008140 nmethod 1720 0x000001831f4e8e10 code [0x000001831f4e9000, 0x000001831f4e9328]
Event: 0.772 Thread 0x000001833b008140 1722       3       java.lang.ref.Reference::enqueueFromPending (19 bytes)
Event: 0.772 Thread 0x000001833b008140 nmethod 1722 0x000001831f4e9490 code [0x000001831f4e9640, 0x000001831f4e9868]
Event: 0.772 Thread 0x000001833b008140 1723   !   3       java.lang.ref.ReferenceQueue::enqueue (119 bytes)
Event: 0.773 Thread 0x000001833b008140 nmethod 1723 0x000001831f4e9910 code [0x000001831f4e9b00, 0x000001831f4ea208]
Event: 0.773 Thread 0x000001833b008140 1724       3       java.lang.ref.ReferenceQueue::reallyPoll (65 bytes)
Event: 0.773 Thread 0x000001833b008140 nmethod 1724 0x000001831f4ea410 code [0x000001831f4ea5e0, 0x000001831f4eab38]
Event: 0.773 Thread 0x000001833b008140 1725       3       java.util.concurrent.ConcurrentHashMap::addCount (280 bytes)
Event: 0.773 Thread 0x000001833b008140 nmethod 1725 0x000001831f4eac10 code [0x000001831f4eae60, 0x000001831f4eb838]
Event: 0.774 Thread 0x000001833b008140 1726       3       sun.reflect.generics.parser.SignatureParser::parseTypeArgument (135 bytes)
Event: 0.774 Thread 0x000001833b008140 nmethod 1726 0x000001831f4ebb10 code [0x000001831f4ebe40, 0x000001831f4ed6a8]
Event: 0.775 Thread 0x000001833b008140 1729       3       java.util.Collections::singletonList (9 bytes)
Event: 0.776 Thread 0x000001833b008140 nmethod 1729 0x000001831f4edc10 code [0x000001831f4eddc0, 0x000001831f4ee0f8]
Event: 0.776 Thread 0x000001833b008140 1730       3       java.util.Collections$SingletonList::<init> (10 bytes)
Event: 0.776 Thread 0x000001833b008140 nmethod 1730 0x000001831f4ee210 code [0x000001831f4ee3c0, 0x000001831f4ee658]

GC Heap History (4 events):
Event: 0.435 GC heap before
{Heap before GC invocations=0 (full 0):
 garbage-first heap   total 258048K, used 22528K [0x0000000704a00000, 0x0000000800000000)
  region size 2048K, 11 young (22528K), 0 survivors (0K)
 Metaspace       used 5347K, committed 5504K, reserved 1056768K
  class space    used 612K, committed 704K, reserved 1048576K
}
Event: 0.438 GC heap after
{Heap after GC invocations=1 (full 0):
 garbage-first heap   total 258048K, used 6281K [0x0000000704a00000, 0x0000000800000000)
  region size 2048K, 2 young (4096K), 2 survivors (4096K)
 Metaspace       used 5347K, committed 5504K, reserved 1056768K
  class space    used 612K, committed 704K, reserved 1048576K
}
Event: 0.769 GC heap before
{Heap before GC invocations=1 (full 0):
 garbage-first heap   total 258048K, used 32905K [0x0000000704a00000, 0x0000000800000000)
  region size 2048K, 15 young (30720K), 2 survivors (4096K)
 Metaspace       used 11549K, committed 11776K, reserved 1064960K
  class space    used 1538K, committed 1664K, reserved 1048576K
}
Event: 0.772 GC heap after
{Heap after GC invocations=2 (full 0):
 garbage-first heap   total 258048K, used 8397K [0x0000000704a00000, 0x0000000800000000)
  region size 2048K, 2 young (4096K), 2 survivors (4096K)
 Metaspace       used 11549K, committed 11776K, reserved 1064960K
  class space    used 1538K, committed 1664K, reserved 1048576K
}

Deoptimization events (20 events):
Event: 0.552 Thread 0x000001833bbf8310 Uncommon trap: trap_request=0xffffffde fr.pc=0x0000018326d1a004 relative=0x0000000000000a64
Event: 0.552 Thread 0x000001833bbf8310 Uncommon trap: reason=class_check action=maybe_recompile pc=0x0000018326d1a004 method=java.util.HashMap.putVal(ILjava/lang/Object;Ljava/lang/Object;ZZ)Ljava/lang/Object; @ 91 c2
Event: 0.552 Thread 0x000001833bbf8310 DEOPT PACKING pc=0x0000018326d1a004 sp=0x000000629d5fd5c0
Event: 0.552 Thread 0x000001833bbf8310 DEOPT UNPACKING pc=0x0000018326765ba3 sp=0x000000629d5fd4e0 mode 2
Event: 0.553 Thread 0x000001833bbf8310 Uncommon trap: trap_request=0xffffffde fr.pc=0x0000018326d1a004 relative=0x0000000000000a64
Event: 0.553 Thread 0x000001833bbf8310 Uncommon trap: reason=class_check action=maybe_recompile pc=0x0000018326d1a004 method=java.util.HashMap.putVal(ILjava/lang/Object;Ljava/lang/Object;ZZ)Ljava/lang/Object; @ 91 c2
Event: 0.553 Thread 0x000001833bbf8310 DEOPT PACKING pc=0x0000018326d1a004 sp=0x000000629d5fd5c0
Event: 0.553 Thread 0x000001833bbf8310 DEOPT UNPACKING pc=0x0000018326765ba3 sp=0x000000629d5fd4e0 mode 2
Event: 0.712 Thread 0x000001833c641200 Uncommon trap: trap_request=0xffffff45 fr.pc=0x0000018326d24884 relative=0x00000000000010e4
Event: 0.712 Thread 0x000001833c641200 Uncommon trap: reason=unstable_if action=reinterpret pc=0x0000018326d24884 method=java.util.concurrent.ConcurrentHashMap.addCount(JI)V @ 171 c2
Event: 0.712 Thread 0x000001833c641200 DEOPT PACKING pc=0x0000018326d24884 sp=0x000000629dbfde00
Event: 0.712 Thread 0x000001833c641200 DEOPT UNPACKING pc=0x0000018326765ba3 sp=0x000000629dbfdcc0 mode 2
Event: 0.736 Thread 0x000001833bbf8310 Uncommon trap: trap_request=0xffffff45 fr.pc=0x0000018326d2d2fc relative=0x00000000000002dc
Event: 0.736 Thread 0x000001833bbf8310 Uncommon trap: reason=unstable_if action=reinterpret pc=0x0000018326d2d2fc method=jdk.internal.org.objectweb.asm.SymbolTable.put(Ljdk/internal/org/objectweb/asm/SymbolTable$Entry;)Ljdk/internal/org/objectweb/asm/SymbolTable$Entry; @ 13 c2
Event: 0.736 Thread 0x000001833bbf8310 DEOPT PACKING pc=0x0000018326d2d2fc sp=0x000000629d5fc930
Event: 0.736 Thread 0x000001833bbf8310 DEOPT UNPACKING pc=0x0000018326765ba3 sp=0x000000629d5fc8b0 mode 2
Event: 0.763 Thread 0x000001833c641200 Uncommon trap: trap_request=0xffffff45 fr.pc=0x0000018326d231f4 relative=0x00000000000001b4
Event: 0.763 Thread 0x000001833c641200 Uncommon trap: reason=unstable_if action=reinterpret pc=0x0000018326d231f4 method=java.util.concurrent.ConcurrentHashMap.addCount(JI)V @ 171 c2
Event: 0.763 Thread 0x000001833c641200 DEOPT PACKING pc=0x0000018326d231f4 sp=0x000000629dbfe5d0
Event: 0.763 Thread 0x000001833c641200 DEOPT UNPACKING pc=0x0000018326765ba3 sp=0x000000629dbfe510 mode 2

Classes unloaded (0 events):
No events

Classes redefined (0 events):
No events

Internal exceptions (20 events):
Event: 0.532 Thread 0x000001833bbf8310 Exception <a 'java/lang/NoSuchMethodError'{0x00000007141befa8}: 'java.lang.Object java.lang.invoke.DirectMethodHandle$Holder.invokeSpecial(java.lang.Object, java.lang.Object, java.lang.Object, java.lang.Object, java.lang.Object, java.lang.Object, int)'> (0x00000007141befa8) 
thrown [s\open\src\hotspot\share\interpreter\linkResolver.cpp, line 759]
Event: 0.532 Thread 0x000001833bbf8310 Exception <a 'java/lang/NoSuchMethodError'{0x00000007141c9510}: 'java.lang.Object java.lang.invoke.DirectMethodHandle$Holder.newInvokeSpecial(java.lang.Object, java.lang.Object, java.lang.Object, java.lang.Object, java.lang.Object, java.lang.Object, int)'> (0x00000007141c9510) 
thrown [s\open\src\hotspot\share\interpreter\linkResolver.cpp, line 759]
Event: 0.532 Thread 0x000001833bbf8310 Exception <a 'java/lang/NoSuchMethodError'{0x00000007141ce550}: 'java.lang.Object java.lang.invoke.DirectMethodHandle$Holder.invokeSpecial(java.lang.Object, java.lang.Object, java.lang.Object, java.lang.Object, java.lang.Object, java.lang.Object, java.lang.Object, int)'> (0x00000007141ce550) 
thrown [s\open\src\hotspot\share\interpreter\linkResolver.cpp, line 759]
Event: 0.553 Thread 0x000001833bbf8310 Exception <a 'java/lang/NoSuchMethodError'{0x0000000713f0a998}: 'int java.lang.invoke.DirectMethodHandle$Holder.invokeInterface(java.lang.Object, java.lang.Object)'> (0x0000000713f0a998) 
thrown [s\open\src\hotspot\share\interpreter\linkResolver.cpp, line 759]
Event: 0.578 Thread 0x000001833bbf8310 Exception <a 'java/lang/NoSuchMethodError'{0x0000000713c2e288}: 'java.lang.Object java.lang.invoke.DirectMethodHandle$Holder.invokeSpecial(java.lang.Object, java.lang.Object, java.lang.Object, int, java.lang.Object)'> (0x0000000713c2e288) 
thrown [s\open\src\hotspot\share\interpreter\linkResolver.cpp, line 759]
Event: 0.579 Thread 0x000001833bbf8310 Exception <a 'java/lang/NoSuchMethodError'{0x0000000713c368e8}: 'java.lang.Object java.lang.invoke.DirectMethodHandle$Holder.newInvokeSpecial(java.lang.Object, java.lang.Object, java.lang.Object, int, java.lang.Object)'> (0x0000000713c368e8) 
thrown [s\open\src\hotspot\share\interpreter\linkResolver.cpp, line 759]
Event: 0.579 Thread 0x000001833bbf8310 Exception <a 'java/lang/NoSuchMethodError'{0x0000000713c3e2b8}: 'java.lang.Object java.lang.invoke.Invokers$Holder.linkToTargetMethod(java.lang.Object, java.lang.Object, int, java.lang.Object, java.lang.Object)'> (0x0000000713c3e2b8) 
thrown [s\open\src\hotspot\share\interpreter\linkResolver.cpp, line 759]
Event: 0.581 Thread 0x000001833bbf8310 Exception <a 'java/lang/NoSuchMethodError'{0x0000000713c4d718}: 'java.lang.Object java.lang.invoke.DirectMethodHandle$Holder.newInvokeSpecial(java.lang.Object, int, java.lang.Object)'> (0x0000000713c4d718) 
thrown [s\open\src\hotspot\share\interpreter\linkResolver.cpp, line 759]
Event: 0.581 Thread 0x000001833bbf8310 Exception <a 'java/lang/NoSuchMethodError'{0x0000000713c52658}: 'int java.lang.invoke.DirectMethodHandle$Holder.invokeSpecialIFC(java.lang.Object, java.lang.Object, java.lang.Object, java.lang.Object)'> (0x0000000713c52658) 
thrown [s\open\src\hotspot\share\interpreter\linkResolver.cpp, line 759]
Event: 0.594 Thread 0x000001833bbf8310 Exception <a 'java/lang/NoSuchMethodError'{0x0000000713d23a38}: 'void java.lang.invoke.DirectMethodHandle$Holder.invokeInterface(java.lang.Object, java.lang.Object, java.lang.Object)'> (0x0000000713d23a38) 
thrown [s\open\src\hotspot\share\interpreter\linkResolver.cpp, line 759]
Event: 0.609 Thread 0x000001833bbf8310 Exception <a 'java/lang/NoSuchMethodError'{0x0000000713dc1000}: 'void java.lang.invoke.DirectMethodHandle$Holder.invokeStaticInit(java.lang.Object, java.lang.Object)'> (0x0000000713dc1000) 
thrown [s\open\src\hotspot\share\interpreter\linkResolver.cpp, line 759]
Event: 0.611 Thread 0x000001833bbf8310 Exception <a 'java/lang/NoSuchMethodError'{0x0000000713dce3f0}: 'void java.lang.invoke.DirectMethodHandle$Holder.invokeStaticInit(java.lang.Object, java.lang.Object, java.lang.Object)'> (0x0000000713dce3f0) 
thrown [s\open\src\hotspot\share\interpreter\linkResolver.cpp, line 759]
Event: 0.614 Thread 0x000001833bbf8310 Exception <a 'java/lang/NoSuchMethodError'{0x0000000713a0c6b8}: 'java.lang.Object java.lang.invoke.DirectMethodHandle$Holder.invokeStatic(java.lang.Object, java.lang.Object, long, java.lang.Object)'> (0x0000000713a0c6b8) 
thrown [s\open\src\hotspot\share\interpreter\linkResolver.cpp, line 759]
Event: 0.614 Thread 0x000001833bbf8310 Exception <a 'java/lang/NoSuchMethodError'{0x0000000713a10150}: 'java.lang.Object java.lang.invoke.DirectMethodHandle$Holder.invokeStaticInit(java.lang.Object, java.lang.Object, long, java.lang.Object)'> (0x0000000713a10150) 
thrown [s\open\src\hotspot\share\interpreter\linkResolver.cpp, line 759]
Event: 0.615 Thread 0x000001833bbf8310 Exception <a 'java/lang/NoSuchMethodError'{0x0000000713a16858}: 'java.lang.Object java.lang.invoke.DirectMethodHandle$Holder.newInvokeSpecial(java.lang.Object, java.lang.Object, long)'> (0x0000000713a16858) 
thrown [s\open\src\hotspot\share\interpreter\linkResolver.cpp, line 759]
Event: 0.615 Thread 0x000001833bbf8310 Exception <a 'java/lang/NoSuchMethodError'{0x0000000713a1a3c8}: 'java.lang.Object java.lang.invoke.Invokers$Holder.linkToTargetMethod(java.lang.Object, long, java.lang.Object)'> (0x0000000713a1a3c8) 
thrown [s\open\src\hotspot\share\interpreter\linkResolver.cpp, line 759]
Event: 0.621 Thread 0x000001833bbf8310 Exception <a 'java/lang/NoSuchMethodError'{0x0000000713a5e9e8}: 'void java.lang.invoke.DirectMethodHandle$Holder.invokeVirtual(java.lang.Object, java.lang.Object, java.lang.Object, java.lang.Object)'> (0x0000000713a5e9e8) 
thrown [s\open\src\hotspot\share\interpreter\linkResolver.cpp, line 759]
Event: 0.641 Thread 0x000001833bbf8310 Exception <a 'java/lang/NoSuchMethodError'{0x0000000713bba2a0}: 'void java.lang.invoke.DirectMethodHandle$Holder.invokeSpecial(java.lang.Object, java.lang.Object, java.lang.Object)'> (0x0000000713bba2a0) 
thrown [s\open\src\hotspot\share\interpreter\linkResolver.cpp, line 759]
Event: 0.642 Thread 0x000001833bbf8310 Exception <a 'java/lang/NoSuchMethodError'{0x0000000713bc0878}: 'void java.lang.invoke.DirectMethodHandle$Holder.invokeSpecial(java.lang.Object, java.lang.Object, java.lang.Object, java.lang.Object, java.lang.Object)'> (0x0000000713bc0878) 
thrown [s\open\src\hotspot\share\interpreter\linkResolver.cpp, line 759]
Event: 0.645 Thread 0x000001833bbf8310 Exception <a 'java/lang/IncompatibleClassChangeError'{0x000000071380faf8}: Found class java.lang.Object, but interface was expected> (0x000000071380faf8) 
thrown [s\open\src\hotspot\share\interpreter\linkResolver.cpp, line 826]

VM Operations (20 events):
Event: 0.181 Executing VM operation: HandshakeAllThreads
Event: 0.181 Executing VM operation: HandshakeAllThreads done
Event: 0.233 Executing VM operation: HandshakeAllThreads
Event: 0.233 Executing VM operation: HandshakeAllThreads done
Event: 0.428 Executing VM operation: ICBufferFull
Event: 0.428 Executing VM operation: ICBufferFull done
Event: 0.432 Executing VM operation: HandshakeAllThreads
Event: 0.432 Executing VM operation: HandshakeAllThreads done
Event: 0.435 Executing VM operation: G1CollectForAllocation
Event: 0.438 Executing VM operation: G1CollectForAllocation done
Event: 0.563 Executing VM operation: HandshakeAllThreads
Event: 0.563 Executing VM operation: HandshakeAllThreads done
Event: 0.640 Executing VM operation: HandshakeAllThreads
Event: 0.640 Executing VM operation: HandshakeAllThreads done
Event: 0.640 Executing VM operation: HandshakeAllThreads
Event: 0.640 Executing VM operation: HandshakeAllThreads done
Event: 0.716 Executing VM operation: ICBufferFull
Event: 0.716 Executing VM operation: ICBufferFull done
Event: 0.768 Executing VM operation: G1CollectForAllocation
Event: 0.772 Executing VM operation: G1CollectForAllocation done

Events (20 events):
Event: 0.731 loading class java/time/chrono/ThaiBuddhistDate
Event: 0.731 loading class java/time/chrono/ThaiBuddhistDate done
Event: 0.734 loading class java/lang/annotation/Repeatable
Event: 0.734 loading class java/lang/annotation/Repeatable done
Event: 0.750 loading class sun/reflect/generics/tree/BooleanSignature
Event: 0.750 loading class sun/reflect/generics/tree/BooleanSignature done
Event: 0.750 loading class sun/reflect/generics/tree/DoubleSignature
Event: 0.750 loading class sun/reflect/generics/tree/DoubleSignature done
Event: 0.750 loading class sun/reflect/generics/tree/FloatSignature
Event: 0.750 loading class sun/reflect/generics/tree/FloatSignature done
Event: 0.750 loading class sun/reflect/generics/tree/IntSignature
Event: 0.750 loading class sun/reflect/generics/tree/IntSignature done
Event: 0.750 loading class sun/reflect/generics/tree/LongSignature
Event: 0.750 loading class java/util/RegularEnumSet$EnumSetIterator
Event: 0.750 loading class sun/reflect/generics/tree/LongSignature done
Event: 0.750 loading class sun/reflect/generics/tree/ShortSignature
Event: 0.750 loading class sun/reflect/generics/tree/ShortSignature done
Event: 0.750 loading class java/util/RegularEnumSet$EnumSetIterator done
Event: 0.756 loading class jdk/internal/reflect/UnsafeObjectFieldAccessorImpl
Event: 0.756 loading class jdk/internal/reflect/UnsafeObjectFieldAccessorImpl done


Dynamic libraries:
0x00007ff7d2860000 - 0x00007ff7d2870000 	C:\Program Files\Java\jdk-17\bin\java.exe
0x00007ff8a9130000 - 0x00007ff8a9328000 	C:\Windows\SYSTEM32\ntdll.dll
0x00007ff899ef0000 - 0x00007ff899f09000 	C:\Program Files\Avast Software\Avast\aswhook.dll
0x00007ff8a7d30000 - 0x00007ff8a7def000 	C:\Windows\System32\KERNEL32.DLL
0x00007ff8a6bd0000 - 0x00007ff8a6ea2000 	C:\Windows\System32\KERNELBASE.dll
0x00007ff8a69d0000 - 0x00007ff8a6ad0000 	C:\Windows\System32\ucrtbase.dll
0x00007ff88b210000 - 0x00007ff88b228000 	C:\Program Files\Java\jdk-17\bin\jli.dll
0x00007ff88ae80000 - 0x00007ff88ae9b000 	C:\Program Files\Java\jdk-17\bin\VCRUNTIME140.dll
0x00007ff8a9040000 - 0x00007ff8a90ee000 	C:\Windows\System32\ADVAPI32.dll
0x00007ff8a7180000 - 0x00007ff8a721e000 	C:\Windows\System32\msvcrt.dll
0x00007ff8a8c40000 - 0x00007ff8a8cdc000 	C:\Windows\System32\sechost.dll
0x00007ff8a72e0000 - 0x00007ff8a7404000 	C:\Windows\System32\RPCRT4.dll
0x00007ff8a8e00000 - 0x00007ff8a8fa1000 	C:\Windows\System32\USER32.dll
0x00007ff8a6f20000 - 0x00007ff8a6f42000 	C:\Windows\System32\win32u.dll
0x00007ff8a8d50000 - 0x00007ff8a8d7b000 	C:\Windows\System32\GDI32.dll
0x00007ff87c130000 - 0x00007ff87c3ca000 	C:\Windows\WinSxS\amd64_microsoft.windows.common-controls_6595b64144ccf1df_6.0.19041.1110_none_60b5254171f9507e\COMCTL32.dll
0x00007ff8a6830000 - 0x00007ff8a693f000 	C:\Windows\System32\gdi32full.dll
0x00007ff8a6f80000 - 0x00007ff8a701d000 	C:\Windows\System32\msvcp_win.dll
0x00007ff89a560000 - 0x00007ff89a56a000 	C:\Windows\SYSTEM32\VERSION.dll
0x00007ff8a83f0000 - 0x00007ff8a8420000 	C:\Windows\System32\IMM32.DLL
0x00007ff897a20000 - 0x00007ff897a2c000 	C:\Program Files\Java\jdk-17\bin\vcruntime140_1.dll
0x00007ff865670000 - 0x00007ff8656fe000 	C:\Program Files\Java\jdk-17\bin\msvcp140.dll
0x00007ff8493f0000 - 0x00007ff849fc7000 	C:\Program Files\Java\jdk-17\bin\server\jvm.dll
0x00007ff8a8c30000 - 0x00007ff8a8c38000 	C:\Windows\System32\PSAPI.DLL
0x00007ff88fff0000 - 0x00007ff88fff9000 	C:\Windows\SYSTEM32\WSOCK32.dll
0x00007ff8a81b0000 - 0x00007ff8a821b000 	C:\Windows\System32\WS2_32.dll
0x00007ff89a8f0000 - 0x00007ff89a917000 	C:\Windows\SYSTEM32\WINMM.dll
0x00007ff8a5040000 - 0x00007ff8a5052000 	C:\Windows\SYSTEM32\kernel.appcore.dll
0x00007ff88f0f0000 - 0x00007ff88f0fa000 	C:\Program Files\Java\jdk-17\bin\jimage.dll
0x00007ff8a43c0000 - 0x00007ff8a45a4000 	C:\Windows\SYSTEM32\DBGHELP.DLL
0x00007ff8989d0000 - 0x00007ff898a05000 	C:\Windows\SYSTEM32\dbgcore.DLL
0x00007ff8a6940000 - 0x00007ff8a69c2000 	C:\Windows\System32\bcryptPrimitives.dll
0x00007ff89f6e0000 - 0x00007ff89f6ee000 	C:\Program Files\Java\jdk-17\bin\instrument.dll
0x00007ff87e0e0000 - 0x00007ff87e105000 	C:\Program Files\Java\jdk-17\bin\java.dll
0x00007ff85aef0000 - 0x00007ff85afc7000 	C:\Program Files\Java\jdk-17\bin\jsvml.dll
0x00007ff8a84e0000 - 0x00007ff8a8c25000 	C:\Windows\System32\SHELL32.dll
0x00007ff8a4890000 - 0x00007ff8a5022000 	C:\Windows\SYSTEM32\windows.storage.dll
0x00007ff8a7e50000 - 0x00007ff8a81a5000 	C:\Windows\System32\combase.dll
0x00007ff8a6140000 - 0x00007ff8a6170000 	C:\Windows\SYSTEM32\Wldp.dll
0x00007ff8a8420000 - 0x00007ff8a84cd000 	C:\Windows\System32\SHCORE.dll
0x00007ff8a7280000 - 0x00007ff8a72d5000 	C:\Windows\System32\shlwapi.dll
0x00007ff8a6770000 - 0x00007ff8a678f000 	C:\Windows\SYSTEM32\profapi.dll
0x00007ff8856f0000 - 0x00007ff885708000 	C:\Program Files\Java\jdk-17\bin\zip.dll
0x00007ff88a700000 - 0x00007ff88a719000 	C:\Program Files\Java\jdk-17\bin\net.dll
0x00007ff8a0d60000 - 0x00007ff8a0e6a000 	C:\Windows\SYSTEM32\WINHTTP.dll
0x00007ff8a5eb0000 - 0x00007ff8a5f1a000 	C:\Windows\system32\mswsock.dll
0x00007ff8864b0000 - 0x00007ff8864c6000 	C:\Program Files\Java\jdk-17\bin\nio.dll
0x00007ff897de0000 - 0x00007ff897dfa000 	C:\Program Files\JetBrains\IntelliJ IDEA Educational Edition 2022.2.2\bin\breakgen64.dll
0x00007ff89a190000 - 0x00007ff89a19a000 	C:\Program Files\Java\jdk-17\bin\management.dll
0x00007ff899e30000 - 0x00007ff899e3b000 	C:\Program Files\Java\jdk-17\bin\management_ext.dll
0x00007ff8a1ce0000 - 0x00007ff8a1cf0000 	C:\Program Files\Java\jdk-17\bin\verify.dll

dbghelp: loaded successfully - version: 4.0.5 - missing functions: none
symbol engine: initialized successfully - sym options: 0x614 - pdb path: .;C:\Program Files\Java\jdk-17\bin;C:\Windows\SYSTEM32;C:\Program Files\Avast Software\Avast;C:\Windows\WinSxS\amd64_microsoft.windows.common-controls_6595b64144ccf1df_6.0.19041.1110_none_60b5254171f9507e;C:\Program Files\Java\jdk-17\bin\server;C:\Program Files\JetBrains\IntelliJ IDEA Educational Edition 2022.2.2\bin

VM Arguments:
jvm_args: -javaagent:C:\Program Files\JetBrains\IntelliJ IDEA Educational Edition 2022.2.2\lib\idea_rt.jar=1409:C:\Program Files\JetBrains\IntelliJ IDEA Educational Edition 2022.2.2\bin -Dfile.encoding=UTF-8 
java_command: br.com.alura.challange.Adopet.AdopetApplication
java_class_path (initial): C:\Users\Nuvemenvio\Desktop\ALURA\Slides_arquivos_jars\Adopet\Adopet\target\classes;C:\Users\Nuvemenvio\.m2\repository\org\springframework\boot\spring-boot-starter-data-jpa\3.0.5\spring-boot-starter-data-jpa-3.0.5.jar;C:\Users\Nuvemenvio\.m2\repository\org\springframework\boot\spring-boot-starter-aop\3.0.5\spring-boot-starter-aop-3.0.5.jar;C:\Users\Nuvemenvio\.m2\repository\org\aspectj\aspectjweaver\1.9.19\aspectjweaver-1.9.19.jar;C:\Users\Nuvemenvio\.m2\repository\org\springframework\boot\spring-boot-starter-jdbc\3.0.5\spring-boot-starter-jdbc-3.0.5.jar;C:\Users\Nuvemenvio\.m2\repository\com\zaxxer\HikariCP\5.0.1\HikariCP-5.0.1.jar;C:\Users\Nuvemenvio\.m2\repository\org\springframework\spring-jdbc\6.0.7\spring-jdbc-6.0.7.jar;C:\Users\Nuvemenvio\.m2\repository\org\hibernate\orm\hibernate-core\6.1.7.Final\hibernate-core-6.1.7.Final.jar;C:\Users\Nuvemenvio\.m2\repository\jakarta\persistence\jakarta.persistence-api\3.1.0\jakarta.persistence-api-3.1.0.jar;C:\Users\Nuvemenvio\.m2\repository\jakarta\transaction\jakarta.transaction-api\2.0.1\jakarta.transaction-api-2.0.1.jar;C:\Users\Nuvemenvio\.m2\repository\org\jboss\logging\jboss-logging\3.5.0.Final\jboss-logging-3.5.0.Final.jar;C:\Users\Nuvemenvio\.m2\repository\org\hibernate\common\hibernate-commons-annotations\6.0.6.Final\hibernate-commons-annotations-6.0.6.Final.jar;C:\Users\Nuvemenvio\.m2\repository\org\jboss\jandex\2.4.2.Final\jandex-2.4.2.Final.jar;C:\Users\Nuvemenvio\.m2\repository\com\fasterxml\classmate\1.5.1\classmate-1.5.1.jar;C:\Users\Nuvemenvio\.m2\repository\net\bytebuddy\byte-buddy\1.12.23\byte-buddy-1.12.23.jar;C:\Users\Nuvemenvio\.m2\repository\org\glassfish\jaxb\jaxb-runtime\4.0.2\jaxb-runtime-4.0.2.jar;C:\Users\Nuvemenvio\.m2\repository\org\glassfish\jaxb\jaxb-core\4.0.2\jaxb-core-4.0.2.jar;C:\Users\Nuvemenvio\.m2\repository\org\eclipse\angus\angus-activation\2.0.0\angus-activation-2.0.0.jar;C:\Users\Nuvemenvio\.m2\repository\org\glassfish\jaxb\txw2\4.0.2\txw2-4.0.2.jar;C
Launcher Type: SUN_STANDARD

[Global flags]
     intx CICompilerCount                          = 4                                         {product} {ergonomic}
     uint ConcGCThreads                            = 2                                         {product} {ergonomic}
     uint G1ConcRefinementThreads                  = 8                                         {product} {ergonomic}
   size_t G1HeapRegionSize                         = 2097152                                   {product} {ergonomic}
    uintx GCDrainStackTargetSize                   = 64                                        {product} {ergonomic}
   size_t InitialHeapSize                          = 264241152                                 {product} {ergonomic}
   size_t MarkStackSize                            = 4194304                                   {product} {ergonomic}
   size_t MaxHeapSize                              = 4217372672                                {product} {ergonomic}
   size_t MaxNewSize                               = 2529165312                                {product} {ergonomic}
   size_t MinHeapDeltaBytes                        = 2097152                                   {product} {ergonomic}
   size_t MinHeapSize                              = 8388608                                   {product} {ergonomic}
    uintx NonNMethodCodeHeapSize                   = 5839372                                {pd product} {ergonomic}
    uintx NonProfiledCodeHeapSize                  = 122909434                              {pd product} {ergonomic}
    uintx ProfiledCodeHeapSize                     = 122909434                              {pd product} {ergonomic}
    uintx ReservedCodeCacheSize                    = 251658240                              {pd product} {ergonomic}
     bool SegmentedCodeCache                       = true                                      {product} {ergonomic}
   size_t SoftMaxHeapSize                          = 4217372672                             {manageable} {ergonomic}
     bool UseCompressedClassPointers               = true                           {product lp64_product} {ergonomic}
     bool UseCompressedOops                        = true                           {product lp64_product} {ergonomic}
     bool UseG1GC                                  = true                                      {product} {ergonomic}
     bool UseLargePagesIndividualAllocation        = false                                  {pd product} {ergonomic}

Logging:
Log output configuration:
 #0: stdout all=warning uptime,level,tags
 #1: stderr all=off uptime,level,tags

Environment Variables:
JAVA_HOME=C:\Program Files\Java\jdk-9.0.4
PATH=C:\Program Files\Common Files\Oracle\Java\javapath;C:\ProgramData\Oracle\Java\javapath;C:\Program Files (x86)\Common Files\Oracle\Java\javapath;C:\Program Files (x86)\Common Files\Intel\Shared Libraries\redist\intel64\compiler;C:\Windows\system32;C:\Windows;C:\Windows\System32\Wbem;C:\Windows\System32\WindowsPowerShell\v1.0\;C:\Windows\System32\OpenSSH\;C:\Program Files\Java\jdk1.8.0_202\bin;C:\Program Files\Git\cmd;C:\Program Files\Java\jre1.8.0_361;C:\Program Files\Java\jdk-11.0.16.1;C:\Program Files\MySQL\MySQL Shell 8.0\bin\;C:\Users\Nuvemenvio\AppData\Local\Microsoft\WindowsApps;C:\apache-maven-3.6.3\bin;C:\Program Files\JetBrains\IntelliJ IDEA Educational Edition 2022.2.2\bin;;
USERNAME=Renan Soares
OS=Windows_NT
PROCESSOR_IDENTIFIER=Intel64 Family 6 Model 140 Stepping 1, GenuineIntel



---------------  S Y S T E M  ---------------

OS:
 Windows 10 , 64 bit Build 19041 (10.0.19041.2546)
OS uptime: 26 days 10:20 hours
Hyper-V role detected

CPU: total 8 (initial active 8) (4 cores per cpu, 2 threads per core) family 6 model 140 stepping 1 microcode 0x86, cx8, cmov, fxsr, ht, mmx, 3dnowpref, sse, sse2, sse3, ssse3, sse4.1, sse4.2, popcnt, lzcnt, tsc, tscinvbit, avx, avx2, aes, erms, clmul, bmi1, bmi2, adx, avx512f, avx512dq, avx512cd, avx512bw, avx512vl, sha, fma, vzeroupper, avx512_vpopcntdq, avx512_vpclmulqdq, avx512_vaes, avx512_vnni, clflush, clflushopt, clwb, avx512_vbmi2, avx512_vbmi, hv

Memory: 4k page, system-wide physical 16082M (2666M free)
TotalPageFile size 46578M (AvailPageFile size 5M)
current process WorkingSet (physical memory assigned to process): 117M, peak: 117M
current process commit charge ("private bytes"): 381M, peak: 381M

vm_info: Java HotSpot(TM) 64-Bit Server VM (17.0.6+9-LTS-190) for windows-amd64 JRE (17.0.6+9-LTS-190), built on Dec  6 2022 15:53:54 by "mach5one" with MS VC++ 17.1 (VS2022)

END.
